This file contains any messages produced by compilers while
running configure, to aid debugging if configure makes a mistake.

It was created by Judy configure 1.0.5, which was
generated by GNU Autoconf 2.69.  Invocation command line was

  $ ./configure --disable-option-checking --prefix=/usr/local --cache-file=/dev/null --srcdir=.

## --------- ##
## Platform. ##
## --------- ##

hostname = jasons-MBP
uname -m = x86_64
uname -r = 14.3.0
uname -s = Darwin
uname -v = Darwin Kernel Version 14.3.0: Mon Mar 23 11:59:05 PDT 2015; root:xnu-2782.20.48~5/RELEASE_X86_64

/usr/bin/uname -p = i386
/bin/uname -X     = unknown

/bin/arch              = unknown
/usr/bin/arch -k       = unknown
/usr/convex/getsysinfo = unknown
/usr/bin/hostinfo      = Mach kernel version:
	 Darwin Kernel Version 14.3.0: Mon Mar 23 11:59:05 PDT 2015; root:xnu-2782.20.48~5/RELEASE_X86_64
Kernel configured for up to 8 processors.
4 processors are physically available.
8 processors are logically available.
Processor type: x86_64h (Intel x86-64h Haswell)
Processors active: 0 1 2 3 4 5 6 7
Primary memory available: 16.00 gigabytes
Default processor set: 249 tasks, 1110 threads, 8 processors
Load average: 2.57, Mach factor: 5.42
/bin/machine           = unknown
/usr/bin/oslevel       = unknown
/bin/universe          = unknown

PATH: /usr/local/bin
PATH: /usr/local/sbin
PATH: /usr/local/bin
PATH: /usr/bin
PATH: /bin
PATH: /usr/sbin
PATH: /sbin
PATH: /opt/X11/bin
PATH: /usr/texbin
PATH: /Users/cantarel/bin
PATH: /usr/local/teTeX/bin/powerpc-apple-darwin-current
PATH: /usr/local/bin
PATH: /Users/cantarel/bin
PATH: /usr/local/teTeX/bin/powerpc-apple-darwin-current
PATH: /usr/sbin
PATH: /sbin
PATH: /Applications/KnotPlot.app/Contents/MacOS
PATH: /usr/local/texlive/2008/bin/universal-darwin
PATH: /Developer/sdcc/bin
PATH: /Developer/NVIDIA/CUDA-5.5/bin


## ----------- ##
## Core tests. ##
## ----------- ##

configure:2467: checking whether to enable maintainer-specific portions of Makefiles
configure:2476: result: no
configure:2535: checking for a BSD-compatible install
configure:2603: result: /usr/bin/install -c
configure:2614: checking whether build environment is sane
configure:2669: result: yes
configure:2820: checking for a thread-safe mkdir -p
configure:2859: result: ./install-sh -c -d
configure:2866: checking for gawk
configure:2896: result: no
configure:2866: checking for mawk
configure:2896: result: no
configure:2866: checking for nawk
configure:2896: result: no
configure:2866: checking for awk
configure:2882: found /usr/bin/awk
configure:2893: result: awk
configure:2904: checking whether make sets $(MAKE)
configure:2926: result: yes
configure:2955: checking whether make supports nested variables
configure:2972: result: yes
configure:3131: checking build system type
configure:3145: result: x86_64-apple-darwin14.3.0
configure:3165: checking host system type
configure:3178: result: x86_64-apple-darwin14.3.0
configure:3219: checking how to print strings
configure:3246: result: printf
configure:3279: checking for style of include used by make
configure:3307: result: GNU
configure:3378: checking for gcc
configure:3394: found /usr/bin/gcc
configure:3405: result: gcc
configure:3634: checking for C compiler version
configure:3643: gcc --version >&5
Apple LLVM version 6.1.0 (clang-602.0.49) (based on LLVM 3.6.0svn)
Target: x86_64-apple-darwin14.3.0
Thread model: posix
Configured with: --prefix=/Applications/Xcode.app/Contents/Developer/usr --with-gxx-include-dir=/usr/include/c++/4.2.1
configure:3654: $? = 0
configure:3643: gcc -v >&5
Configured with: --prefix=/Applications/Xcode.app/Contents/Developer/usr --with-gxx-include-dir=/usr/include/c++/4.2.1
Apple LLVM version 6.1.0 (clang-602.0.49) (based on LLVM 3.6.0svn)
Target: x86_64-apple-darwin14.3.0
Thread model: posix
configure:3654: $? = 0
configure:3643: gcc -V >&5
clang: error: argument to '-V' is missing (expected 1 value)
clang: error: no input files
configure:3654: $? = 1
configure:3643: gcc -qversion >&5
clang: error: unknown argument: '-qversion'
clang: error: no input files
configure:3654: $? = 1
configure:3674: checking whether the C compiler works
configure:3696: gcc    conftest.c  >&5
configure:3700: $? = 0
configure:3748: result: yes
configure:3751: checking for C compiler default output file name
configure:3753: result: a.out
configure:3759: checking for suffix of executables
configure:3766: gcc -o conftest    conftest.c  >&5
configure:3770: $? = 0
configure:3792: result: 
configure:3814: checking whether we are cross compiling
configure:3822: gcc -o conftest    conftest.c  >&5
configure:3826: $? = 0
configure:3833: ./conftest
configure:3837: $? = 0
configure:3852: result: no
configure:3857: checking for suffix of object files
configure:3879: gcc -c   conftest.c >&5
configure:3883: $? = 0
configure:3904: result: o
configure:3908: checking whether we are using the GNU C compiler
configure:3927: gcc -c   conftest.c >&5
configure:3927: $? = 0
configure:3936: result: yes
configure:3945: checking whether gcc accepts -g
configure:3965: gcc -c -g  conftest.c >&5
configure:3965: $? = 0
configure:4006: result: yes
configure:4023: checking for gcc option to accept ISO C89
configure:4086: gcc  -c -g -O2  conftest.c >&5
configure:4086: $? = 0
configure:4099: result: none needed
configure:4124: checking whether gcc understands -c and -o together
configure:4146: gcc -c conftest.c -o conftest2.o
configure:4149: $? = 0
configure:4146: gcc -c conftest.c -o conftest2.o
configure:4149: $? = 0
configure:4161: result: yes
configure:4180: checking dependency style of gcc
configure:4291: result: gcc3
configure:4306: checking for a sed that does not truncate output
configure:4370: result: /usr/bin/sed
configure:4388: checking for grep that handles long lines and -e
configure:4446: result: /usr/bin/grep
configure:4451: checking for egrep
configure:4513: result: /usr/bin/grep -E
configure:4518: checking for fgrep
configure:4580: result: /usr/bin/grep -F
configure:4615: checking for ld used by gcc
configure:4682: result: /Applications/Xcode.app/Contents/Developer/Toolchains/XcodeDefault.xctoolchain/usr/bin/ld
configure:4689: checking if the linker (/Applications/Xcode.app/Contents/Developer/Toolchains/XcodeDefault.xctoolchain/usr/bin/ld) is GNU ld
configure:4704: result: no
configure:4716: checking for BSD- or MS-compatible name lister (nm)
configure:4765: result: /usr/bin/nm
configure:4895: checking the name lister (/usr/bin/nm) interface
configure:4902: gcc -c -g -O2  conftest.c >&5
configure:4905: /usr/bin/nm "conftest.o"
configure:4908: output
00000000000001e8 S _some_variable
configure:4915: result: BSD nm
configure:4918: checking whether ln -s works
configure:4922: result: yes
configure:4930: checking the maximum length of command line arguments
configure:5060: result: 196608
configure:5077: checking whether the shell understands some XSI constructs
configure:5087: result: yes
configure:5091: checking whether the shell understands "+="
configure:5097: result: yes
configure:5132: checking how to convert x86_64-apple-darwin14.3.0 file names to x86_64-apple-darwin14.3.0 format
configure:5172: result: func_convert_file_noop
configure:5179: checking how to convert x86_64-apple-darwin14.3.0 file names to toolchain format
configure:5199: result: func_convert_file_noop
configure:5206: checking for /Applications/Xcode.app/Contents/Developer/Toolchains/XcodeDefault.xctoolchain/usr/bin/ld option to reload object files
configure:5213: result: -r
configure:5287: checking for objdump
configure:5317: result: no
configure:5346: checking how to recognize dependent libraries
configure:5548: result: pass_all
configure:5633: checking for dlltool
configure:5663: result: no
configure:5693: checking how to associate runtime and link libraries
configure:5720: result: printf %s\n
configure:5781: checking for ar
configure:5797: found /usr/bin/ar
configure:5808: result: ar
configure:5845: checking for archiver @FILE support
configure:5862: gcc -c -g -O2  conftest.c >&5
configure:5862: $? = 0
configure:5865: ar cru libconftest.a @conftest.lst >&5
ar: @conftest.lst: No such file or directory
configure:5868: $? = 1
configure:5888: result: no
configure:5946: checking for strip
configure:5962: found /usr/bin/strip
configure:5973: result: strip
configure:6045: checking for ranlib
configure:6061: found /usr/bin/ranlib
configure:6072: result: ranlib
configure:6174: checking command to parse /usr/bin/nm output from gcc object
configure:6294: gcc -c -g -O2  conftest.c >&5
configure:6297: $? = 0
configure:6301: /usr/bin/nm conftest.o \| sed -n -e 's/^.*[ ]\([BCDEGRST][BCDEGRST]*\)[ ][ ]*\([_A-Za-z][_A-Za-z0-9]*\)$/\1 \2 \2/p' | sed '/ __gnu_lto/d' \> conftest.nm
configure:6304: $? = 0
cannot find nm_test_var in conftest.nm
configure:6294: gcc -c -g -O2  conftest.c >&5
configure:6297: $? = 0
configure:6301: /usr/bin/nm conftest.o \| sed -n -e 's/^.*[ ]\([BCDEGRST][BCDEGRST]*\)[ ][ ]*_\([_A-Za-z][_A-Za-z0-9]*\)$/\1 _\2 \2/p' | sed '/ __gnu_lto/d' \> conftest.nm
configure:6304: $? = 0
configure:6370: gcc -o conftest -g -O2   conftest.c conftstm.o >&5
configure:6373: $? = 0
configure:6411: result: ok
configure:6448: checking for sysroot
configure:6478: result: no
configure:6734: checking for mt
configure:6764: result: no
configure:6784: checking if : is a manifest tool
configure:6790: : '-?'
configure:6798: result: no
configure:6854: checking for dsymutil
configure:6870: found /usr/bin/dsymutil
configure:6881: result: dsymutil
configure:6946: checking for nmedit
configure:6962: found /usr/bin/nmedit
configure:6973: result: nmedit
configure:7038: checking for lipo
configure:7054: found /usr/bin/lipo
configure:7065: result: lipo
configure:7130: checking for otool
configure:7146: found /usr/bin/otool
configure:7157: result: otool
configure:7222: checking for otool64
configure:7252: result: no
configure:7297: checking for -single_module linker flag
gcc -g -O2  -o libconftest.dylib -dynamiclib -Wl,-single_module conftest.c
configure:7330: result: yes
configure:7333: checking for -exported_symbols_list linker flag
configure:7353: gcc -o conftest -g -O2   -Wl,-exported_symbols_list,conftest.sym conftest.c  >&5
configure:7353: $? = 0
configure:7363: result: yes
configure:7366: checking for -force_load linker flag
gcc -g -O2 -c -o conftest.o conftest.c
ar cru libconftest.a conftest.o
ranlib libconftest.a
gcc -g -O2  -o conftest conftest.c -Wl,-force_load,./libconftest.a
configure:7398: result: yes
configure:7440: checking how to run the C preprocessor
configure:7471: gcc -E  conftest.c
configure:7471: $? = 0
configure:7485: gcc -E  conftest.c
conftest.c:11:10: fatal error: 'ac_nonexistent.h' file not found
#include <ac_nonexistent.h>
         ^
1 error generated.
configure:7485: $? = 1
configure: failed program was:
| /* confdefs.h */
| #define PACKAGE_NAME "Judy"
| #define PACKAGE_TARNAME "judy"
| #define PACKAGE_VERSION "1.0.5"
| #define PACKAGE_STRING "Judy 1.0.5"
| #define PACKAGE_BUGREPORT "dougbaskins@yahoo.com"
| #define PACKAGE_URL ""
| #define PACKAGE "Judy"
| #define VERSION "1.0.5"
| /* end confdefs.h.  */
| #include <ac_nonexistent.h>
configure:7510: result: gcc -E
configure:7530: gcc -E  conftest.c
configure:7530: $? = 0
configure:7544: gcc -E  conftest.c
conftest.c:11:10: fatal error: 'ac_nonexistent.h' file not found
#include <ac_nonexistent.h>
         ^
1 error generated.
configure:7544: $? = 1
configure: failed program was:
| /* confdefs.h */
| #define PACKAGE_NAME "Judy"
| #define PACKAGE_TARNAME "judy"
| #define PACKAGE_VERSION "1.0.5"
| #define PACKAGE_STRING "Judy 1.0.5"
| #define PACKAGE_BUGREPORT "dougbaskins@yahoo.com"
| #define PACKAGE_URL ""
| #define PACKAGE "Judy"
| #define VERSION "1.0.5"
| /* end confdefs.h.  */
| #include <ac_nonexistent.h>
configure:7573: checking for ANSI C header files
configure:7593: gcc -c -g -O2  conftest.c >&5
configure:7593: $? = 0
configure:7666: gcc -o conftest -g -O2   conftest.c  >&5
configure:7666: $? = 0
configure:7666: ./conftest
configure:7666: $? = 0
configure:7677: result: yes
configure:7690: checking for sys/types.h
configure:7690: gcc -c -g -O2  conftest.c >&5
configure:7690: $? = 0
configure:7690: result: yes
configure:7690: checking for sys/stat.h
configure:7690: gcc -c -g -O2  conftest.c >&5
configure:7690: $? = 0
configure:7690: result: yes
configure:7690: checking for stdlib.h
configure:7690: gcc -c -g -O2  conftest.c >&5
configure:7690: $? = 0
configure:7690: result: yes
configure:7690: checking for string.h
configure:7690: gcc -c -g -O2  conftest.c >&5
configure:7690: $? = 0
configure:7690: result: yes
configure:7690: checking for memory.h
configure:7690: gcc -c -g -O2  conftest.c >&5
configure:7690: $? = 0
configure:7690: result: yes
configure:7690: checking for strings.h
configure:7690: gcc -c -g -O2  conftest.c >&5
configure:7690: $? = 0
configure:7690: result: yes
configure:7690: checking for inttypes.h
configure:7690: gcc -c -g -O2  conftest.c >&5
configure:7690: $? = 0
configure:7690: result: yes
configure:7690: checking for stdint.h
configure:7690: gcc -c -g -O2  conftest.c >&5
configure:7690: $? = 0
configure:7690: result: yes
configure:7690: checking for unistd.h
configure:7690: gcc -c -g -O2  conftest.c >&5
configure:7690: $? = 0
configure:7690: result: yes
configure:7704: checking for dlfcn.h
configure:7704: gcc -c -g -O2  conftest.c >&5
configure:7704: $? = 0
configure:7704: result: yes
configure:7910: checking for objdir
configure:7925: result: .libs
configure:8192: checking if gcc supports -fno-rtti -fno-exceptions
configure:8210: gcc -c -g -O2  -fno-rtti -fno-exceptions conftest.c >&5
configure:8214: $? = 0
configure:8227: result: yes
configure:8554: checking for gcc option to produce PIC
configure:8561: result: -fno-common -DPIC
configure:8569: checking if gcc PIC flag -fno-common -DPIC works
configure:8587: gcc -c -g -O2  -fno-common -DPIC -DPIC conftest.c >&5
configure:8591: $? = 0
configure:8604: result: yes
configure:8633: checking if gcc static flag -static works
configure:8661: result: no
configure:8676: checking if gcc supports -c -o file.o
configure:8697: gcc -c -g -O2  -o out/conftest2.o conftest.c >&5
configure:8701: $? = 0
configure:8723: result: yes
configure:8731: checking if gcc supports -c -o file.o
configure:8778: result: yes
configure:8811: checking whether the gcc linker (/Applications/Xcode.app/Contents/Developer/Toolchains/XcodeDefault.xctoolchain/usr/bin/ld) supports shared libraries
configure:9964: result: yes
configure:10204: checking dynamic linker characteristics
configure:10937: result: darwin14.3.0 dyld
configure:11044: checking how to hardcode library paths into programs
configure:11069: result: immediate
configure:11609: checking whether stripping libraries is possible
configure:11623: result: yes
configure:11649: checking if libtool supports shared libraries
configure:11651: result: yes
configure:11654: checking whether to build shared libraries
configure:11675: result: yes
configure:11678: checking whether to build static libraries
configure:11682: result: yes
configure:11725: checking which flavor to build
configure:11762: result: product
configure:11814: checking for gcc
configure:11841: result: gcc
configure:12070: checking for C compiler version
configure:12079: gcc --version >&5
Apple LLVM version 6.1.0 (clang-602.0.49) (based on LLVM 3.6.0svn)
Target: x86_64-apple-darwin14.3.0
Thread model: posix
Configured with: --prefix=/Applications/Xcode.app/Contents/Developer/usr --with-gxx-include-dir=/usr/include/c++/4.2.1
configure:12090: $? = 0
configure:12079: gcc -v >&5
Configured with: --prefix=/Applications/Xcode.app/Contents/Developer/usr --with-gxx-include-dir=/usr/include/c++/4.2.1
Apple LLVM version 6.1.0 (clang-602.0.49) (based on LLVM 3.6.0svn)
Target: x86_64-apple-darwin14.3.0
Thread model: posix
configure:12090: $? = 0
configure:12079: gcc -V >&5
clang: error: argument to '-V' is missing (expected 1 value)
clang: error: no input files
configure:12090: $? = 1
configure:12079: gcc -qversion >&5
clang: error: unknown argument: '-qversion'
clang: error: no input files
configure:12090: $? = 1
configure:12094: checking whether we are using the GNU C compiler
configure:12122: result: yes
configure:12131: checking whether gcc accepts -g
configure:12192: result: yes
configure:12209: checking for gcc option to accept ISO C89
configure:12285: result: none needed
configure:12310: checking whether gcc understands -c and -o together
configure:12347: result: yes
configure:12366: checking dependency style of gcc
configure:12477: result: gcc3
configure:12497: checking how to run the C preprocessor
configure:12567: result: gcc -E
configure:12587: gcc -E  conftest.c
configure:12587: $? = 0
configure:12601: gcc -E  conftest.c
conftest.c:23:10: fatal error: 'ac_nonexistent.h' file not found
#include <ac_nonexistent.h>
         ^
1 error generated.
configure:12601: $? = 1
configure: failed program was:
| /* confdefs.h */
| #define PACKAGE_NAME "Judy"
| #define PACKAGE_TARNAME "judy"
| #define PACKAGE_VERSION "1.0.5"
| #define PACKAGE_STRING "Judy 1.0.5"
| #define PACKAGE_BUGREPORT "dougbaskins@yahoo.com"
| #define PACKAGE_URL ""
| #define PACKAGE "Judy"
| #define VERSION "1.0.5"
| #define STDC_HEADERS 1
| #define HAVE_SYS_TYPES_H 1
| #define HAVE_SYS_STAT_H 1
| #define HAVE_STDLIB_H 1
| #define HAVE_STRING_H 1
| #define HAVE_MEMORY_H 1
| #define HAVE_STRINGS_H 1
| #define HAVE_INTTYPES_H 1
| #define HAVE_STDINT_H 1
| #define HAVE_UNISTD_H 1
| #define HAVE_DLFCN_H 1
| #define LT_OBJDIR ".libs/"
| /* end confdefs.h.  */
| #include <ac_nonexistent.h>
configure:12630: checking whether ln -s works
configure:12634: result: yes
configure:12641: checking whether make sets $(MAKE)
configure:12663: result: yes
configure:12673: checking for ANSI C header files
configure:12777: result: yes
configure:12788: checking fcntl.h usability
configure:12788: gcc -c -g -O2  conftest.c >&5
configure:12788: $? = 0
configure:12788: result: yes
configure:12788: checking fcntl.h presence
configure:12788: gcc -E  conftest.c
configure:12788: $? = 0
configure:12788: result: yes
configure:12788: checking for fcntl.h
configure:12788: result: yes
configure:12788: checking for inttypes.h
configure:12788: result: yes
configure:12788: checking limits.h usability
configure:12788: gcc -c -g -O2  conftest.c >&5
configure:12788: $? = 0
configure:12788: result: yes
configure:12788: checking limits.h presence
configure:12788: gcc -E  conftest.c
configure:12788: $? = 0
configure:12788: result: yes
configure:12788: checking for limits.h
configure:12788: result: yes
configure:12788: checking malloc.h usability
configure:12788: gcc -c -g -O2  conftest.c >&5
conftest.c:60:10: fatal error: 'malloc.h' file not found
#include <malloc.h>
         ^
1 error generated.
configure:12788: $? = 1
configure: failed program was:
| /* confdefs.h */
| #define PACKAGE_NAME "Judy"
| #define PACKAGE_TARNAME "judy"
| #define PACKAGE_VERSION "1.0.5"
| #define PACKAGE_STRING "Judy 1.0.5"
| #define PACKAGE_BUGREPORT "dougbaskins@yahoo.com"
| #define PACKAGE_URL ""
| #define PACKAGE "Judy"
| #define VERSION "1.0.5"
| #define STDC_HEADERS 1
| #define HAVE_SYS_TYPES_H 1
| #define HAVE_SYS_STAT_H 1
| #define HAVE_STDLIB_H 1
| #define HAVE_STRING_H 1
| #define HAVE_MEMORY_H 1
| #define HAVE_STRINGS_H 1
| #define HAVE_INTTYPES_H 1
| #define HAVE_STDINT_H 1
| #define HAVE_UNISTD_H 1
| #define HAVE_DLFCN_H 1
| #define LT_OBJDIR ".libs/"
| #define STDC_HEADERS 1
| #define HAVE_FCNTL_H 1
| #define HAVE_INTTYPES_H 1
| #define HAVE_LIMITS_H 1
| /* end confdefs.h.  */
| #include <stdio.h>
| #ifdef HAVE_SYS_TYPES_H
| # include <sys/types.h>
| #endif
| #ifdef HAVE_SYS_STAT_H
| # include <sys/stat.h>
| #endif
| #ifdef STDC_HEADERS
| # include <stdlib.h>
| # include <stddef.h>
| #else
| # ifdef HAVE_STDLIB_H
| #  include <stdlib.h>
| # endif
| #endif
| #ifdef HAVE_STRING_H
| # if !defined STDC_HEADERS && defined HAVE_MEMORY_H
| #  include <memory.h>
| # endif
| # include <string.h>
| #endif
| #ifdef HAVE_STRINGS_H
| # include <strings.h>
| #endif
| #ifdef HAVE_INTTYPES_H
| # include <inttypes.h>
| #endif
| #ifdef HAVE_STDINT_H
| # include <stdint.h>
| #endif
| #ifdef HAVE_UNISTD_H
| # include <unistd.h>
| #endif
| #include <malloc.h>
configure:12788: result: no
configure:12788: checking malloc.h presence
configure:12788: gcc -E  conftest.c
conftest.c:27:10: fatal error: 'malloc.h' file not found
#include <malloc.h>
         ^
1 error generated.
configure:12788: $? = 1
configure: failed program was:
| /* confdefs.h */
| #define PACKAGE_NAME "Judy"
| #define PACKAGE_TARNAME "judy"
| #define PACKAGE_VERSION "1.0.5"
| #define PACKAGE_STRING "Judy 1.0.5"
| #define PACKAGE_BUGREPORT "dougbaskins@yahoo.com"
| #define PACKAGE_URL ""
| #define PACKAGE "Judy"
| #define VERSION "1.0.5"
| #define STDC_HEADERS 1
| #define HAVE_SYS_TYPES_H 1
| #define HAVE_SYS_STAT_H 1
| #define HAVE_STDLIB_H 1
| #define HAVE_STRING_H 1
| #define HAVE_MEMORY_H 1
| #define HAVE_STRINGS_H 1
| #define HAVE_INTTYPES_H 1
| #define HAVE_STDINT_H 1
| #define HAVE_UNISTD_H 1
| #define HAVE_DLFCN_H 1
| #define LT_OBJDIR ".libs/"
| #define STDC_HEADERS 1
| #define HAVE_FCNTL_H 1
| #define HAVE_INTTYPES_H 1
| #define HAVE_LIMITS_H 1
| /* end confdefs.h.  */
| #include <malloc.h>
configure:12788: result: no
configure:12788: checking for malloc.h
configure:12788: result: no
configure:12788: checking stddef.h usability
configure:12788: gcc -c -g -O2  conftest.c >&5
configure:12788: $? = 0
configure:12788: result: yes
configure:12788: checking stddef.h presence
configure:12788: gcc -E  conftest.c
configure:12788: $? = 0
configure:12788: result: yes
configure:12788: checking for stddef.h
configure:12788: result: yes
configure:12788: checking for stdint.h
configure:12788: result: yes
configure:12788: checking for stdlib.h
configure:12788: result: yes
configure:12788: checking for string.h
configure:12788: result: yes
configure:12788: checking for strings.h
configure:12788: result: yes
configure:12788: checking sys/param.h usability
configure:12788: gcc -c -g -O2  conftest.c >&5
configure:12788: $? = 0
configure:12788: result: yes
configure:12788: checking sys/param.h presence
configure:12788: gcc -E  conftest.c
configure:12788: $? = 0
configure:12788: result: yes
configure:12788: checking for sys/param.h
configure:12788: result: yes
configure:12788: checking sys/time.h usability
configure:12788: gcc -c -g -O2  conftest.c >&5
configure:12788: $? = 0
configure:12788: result: yes
configure:12788: checking sys/time.h presence
configure:12788: gcc -E  conftest.c
configure:12788: $? = 0
configure:12788: result: yes
configure:12788: checking for sys/time.h
configure:12788: result: yes
configure:12788: checking for unistd.h
configure:12788: result: yes
configure:12800: checking for stdbool.h that conforms to C99
configure:12867: gcc -c -g -O2  conftest.c >&5
conftest.c:84:24: warning: address of 's' will always evaluate to 'true' [-Wpointer-bool-conversion]
             bool e = &s;
                  ~    ^
1 warning generated.
configure:12867: $? = 0
configure:12874: result: yes
configure:12876: checking for _Bool
configure:12876: gcc -c -g -O2  conftest.c >&5
configure:12876: $? = 0
configure:12876: gcc -c -g -O2  conftest.c >&5
conftest.c:71:20: error: expected expression
if (sizeof ((_Bool)))
                   ^
1 error generated.
configure:12876: $? = 1
configure: failed program was:
| /* confdefs.h */
| #define PACKAGE_NAME "Judy"
| #define PACKAGE_TARNAME "judy"
| #define PACKAGE_VERSION "1.0.5"
| #define PACKAGE_STRING "Judy 1.0.5"
| #define PACKAGE_BUGREPORT "dougbaskins@yahoo.com"
| #define PACKAGE_URL ""
| #define PACKAGE "Judy"
| #define VERSION "1.0.5"
| #define STDC_HEADERS 1
| #define HAVE_SYS_TYPES_H 1
| #define HAVE_SYS_STAT_H 1
| #define HAVE_STDLIB_H 1
| #define HAVE_STRING_H 1
| #define HAVE_MEMORY_H 1
| #define HAVE_STRINGS_H 1
| #define HAVE_INTTYPES_H 1
| #define HAVE_STDINT_H 1
| #define HAVE_UNISTD_H 1
| #define HAVE_DLFCN_H 1
| #define LT_OBJDIR ".libs/"
| #define STDC_HEADERS 1
| #define HAVE_FCNTL_H 1
| #define HAVE_INTTYPES_H 1
| #define HAVE_LIMITS_H 1
| #define HAVE_STDDEF_H 1
| #define HAVE_STDINT_H 1
| #define HAVE_STDLIB_H 1
| #define HAVE_STRING_H 1
| #define HAVE_STRINGS_H 1
| #define HAVE_SYS_PARAM_H 1
| #define HAVE_SYS_TIME_H 1
| #define HAVE_UNISTD_H 1
| /* end confdefs.h.  */
| #include <stdio.h>
| #ifdef HAVE_SYS_TYPES_H
| # include <sys/types.h>
| #endif
| #ifdef HAVE_SYS_STAT_H
| # include <sys/stat.h>
| #endif
| #ifdef STDC_HEADERS
| # include <stdlib.h>
| # include <stddef.h>
| #else
| # ifdef HAVE_STDLIB_H
| #  include <stdlib.h>
| # endif
| #endif
| #ifdef HAVE_STRING_H
| # if !defined STDC_HEADERS && defined HAVE_MEMORY_H
| #  include <memory.h>
| # endif
| # include <string.h>
| #endif
| #ifdef HAVE_STRINGS_H
| # include <strings.h>
| #endif
| #ifdef HAVE_INTTYPES_H
| # include <inttypes.h>
| #endif
| #ifdef HAVE_STDINT_H
| # include <stdint.h>
| #endif
| #ifdef HAVE_UNISTD_H
| # include <unistd.h>
| #endif
| int
| main ()
| {
| if (sizeof ((_Bool)))
| 	    return 0;
|   ;
|   return 0;
| }
configure:12876: result: yes
configure:12893: checking for an ANSI C-conforming const
configure:12959: gcc -c -g -O2  conftest.c >&5
configure:12959: $? = 0
configure:12966: result: yes
configure:12974: checking for inline
configure:12990: gcc -c -g -O2  conftest.c >&5
configure:12990: $? = 0
configure:12998: result: inline
configure:13016: checking for size_t
configure:13016: gcc -c -g -O2  conftest.c >&5
configure:13016: $? = 0
configure:13016: gcc -c -g -O2  conftest.c >&5
conftest.c:73:21: error: expected expression
if (sizeof ((size_t)))
                    ^
1 error generated.
configure:13016: $? = 1
configure: failed program was:
| /* confdefs.h */
| #define PACKAGE_NAME "Judy"
| #define PACKAGE_TARNAME "judy"
| #define PACKAGE_VERSION "1.0.5"
| #define PACKAGE_STRING "Judy 1.0.5"
| #define PACKAGE_BUGREPORT "dougbaskins@yahoo.com"
| #define PACKAGE_URL ""
| #define PACKAGE "Judy"
| #define VERSION "1.0.5"
| #define STDC_HEADERS 1
| #define HAVE_SYS_TYPES_H 1
| #define HAVE_SYS_STAT_H 1
| #define HAVE_STDLIB_H 1
| #define HAVE_STRING_H 1
| #define HAVE_MEMORY_H 1
| #define HAVE_STRINGS_H 1
| #define HAVE_INTTYPES_H 1
| #define HAVE_STDINT_H 1
| #define HAVE_UNISTD_H 1
| #define HAVE_DLFCN_H 1
| #define LT_OBJDIR ".libs/"
| #define STDC_HEADERS 1
| #define HAVE_FCNTL_H 1
| #define HAVE_INTTYPES_H 1
| #define HAVE_LIMITS_H 1
| #define HAVE_STDDEF_H 1
| #define HAVE_STDINT_H 1
| #define HAVE_STDLIB_H 1
| #define HAVE_STRING_H 1
| #define HAVE_STRINGS_H 1
| #define HAVE_SYS_PARAM_H 1
| #define HAVE_SYS_TIME_H 1
| #define HAVE_UNISTD_H 1
| #define HAVE__BOOL 1
| #define HAVE_STDBOOL_H 1
| /* end confdefs.h.  */
| #include <stdio.h>
| #ifdef HAVE_SYS_TYPES_H
| # include <sys/types.h>
| #endif
| #ifdef HAVE_SYS_STAT_H
| # include <sys/stat.h>
| #endif
| #ifdef STDC_HEADERS
| # include <stdlib.h>
| # include <stddef.h>
| #else
| # ifdef HAVE_STDLIB_H
| #  include <stdlib.h>
| # endif
| #endif
| #ifdef HAVE_STRING_H
| # if !defined STDC_HEADERS && defined HAVE_MEMORY_H
| #  include <memory.h>
| # endif
| # include <string.h>
| #endif
| #ifdef HAVE_STRINGS_H
| # include <strings.h>
| #endif
| #ifdef HAVE_INTTYPES_H
| # include <inttypes.h>
| #endif
| #ifdef HAVE_STDINT_H
| # include <stdint.h>
| #endif
| #ifdef HAVE_UNISTD_H
| # include <unistd.h>
| #endif
| int
| main ()
| {
| if (sizeof ((size_t)))
| 	    return 0;
|   ;
|   return 0;
| }
configure:13016: result: yes
configure:13027: checking whether time.h and sys/time.h may both be included
configure:13047: gcc -c -g -O2  conftest.c >&5
configure:13047: $? = 0
configure:13054: result: yes
configure:13062: checking whether struct tm is in sys/time.h or time.h
configure:13082: gcc -c -g -O2  conftest.c >&5
configure:13082: $? = 0
configure:13089: result: time.h
configure:13097: checking for working volatile
configure:13116: gcc -c -g -O2  conftest.c >&5
configure:13116: $? = 0
configure:13123: result: yes
configure:13131: checking for ptrdiff_t
configure:13131: gcc -c -g -O2  conftest.c >&5
configure:13131: $? = 0
configure:13131: gcc -c -g -O2  conftest.c >&5
conftest.c:74:24: error: expected expression
if (sizeof ((ptrdiff_t)))
                       ^
1 error generated.
configure:13131: $? = 1
configure: failed program was:
| /* confdefs.h */
| #define PACKAGE_NAME "Judy"
| #define PACKAGE_TARNAME "judy"
| #define PACKAGE_VERSION "1.0.5"
| #define PACKAGE_STRING "Judy 1.0.5"
| #define PACKAGE_BUGREPORT "dougbaskins@yahoo.com"
| #define PACKAGE_URL ""
| #define PACKAGE "Judy"
| #define VERSION "1.0.5"
| #define STDC_HEADERS 1
| #define HAVE_SYS_TYPES_H 1
| #define HAVE_SYS_STAT_H 1
| #define HAVE_STDLIB_H 1
| #define HAVE_STRING_H 1
| #define HAVE_MEMORY_H 1
| #define HAVE_STRINGS_H 1
| #define HAVE_INTTYPES_H 1
| #define HAVE_STDINT_H 1
| #define HAVE_UNISTD_H 1
| #define HAVE_DLFCN_H 1
| #define LT_OBJDIR ".libs/"
| #define STDC_HEADERS 1
| #define HAVE_FCNTL_H 1
| #define HAVE_INTTYPES_H 1
| #define HAVE_LIMITS_H 1
| #define HAVE_STDDEF_H 1
| #define HAVE_STDINT_H 1
| #define HAVE_STDLIB_H 1
| #define HAVE_STRING_H 1
| #define HAVE_STRINGS_H 1
| #define HAVE_SYS_PARAM_H 1
| #define HAVE_SYS_TIME_H 1
| #define HAVE_UNISTD_H 1
| #define HAVE__BOOL 1
| #define HAVE_STDBOOL_H 1
| #define TIME_WITH_SYS_TIME 1
| /* end confdefs.h.  */
| #include <stdio.h>
| #ifdef HAVE_SYS_TYPES_H
| # include <sys/types.h>
| #endif
| #ifdef HAVE_SYS_STAT_H
| # include <sys/stat.h>
| #endif
| #ifdef STDC_HEADERS
| # include <stdlib.h>
| # include <stddef.h>
| #else
| # ifdef HAVE_STDLIB_H
| #  include <stdlib.h>
| # endif
| #endif
| #ifdef HAVE_STRING_H
| # if !defined STDC_HEADERS && defined HAVE_MEMORY_H
| #  include <memory.h>
| # endif
| # include <string.h>
| #endif
| #ifdef HAVE_STRINGS_H
| # include <strings.h>
| #endif
| #ifdef HAVE_INTTYPES_H
| # include <inttypes.h>
| #endif
| #ifdef HAVE_STDINT_H
| # include <stdint.h>
| #endif
| #ifdef HAVE_UNISTD_H
| # include <unistd.h>
| #endif
| int
| main ()
| {
| if (sizeof ((ptrdiff_t)))
| 	    return 0;
|   ;
|   return 0;
| }
configure:13131: result: yes
configure:13142: checking whether byte ordering is bigendian
configure:13157: gcc -c -g -O2  conftest.c >&5
configure:13157: $? = 0
configure:13202: gcc -c -g -O2  conftest.c >&5
configure:13202: $? = 0
configure:13220: gcc -c -g -O2  conftest.c >&5
conftest.c:46:4: error: use of undeclared identifier 'not'
                 not big endian
                 ^
1 error generated.
configure:13220: $? = 1
configure: failed program was:
| /* confdefs.h */
| #define PACKAGE_NAME "Judy"
| #define PACKAGE_TARNAME "judy"
| #define PACKAGE_VERSION "1.0.5"
| #define PACKAGE_STRING "Judy 1.0.5"
| #define PACKAGE_BUGREPORT "dougbaskins@yahoo.com"
| #define PACKAGE_URL ""
| #define PACKAGE "Judy"
| #define VERSION "1.0.5"
| #define STDC_HEADERS 1
| #define HAVE_SYS_TYPES_H 1
| #define HAVE_SYS_STAT_H 1
| #define HAVE_STDLIB_H 1
| #define HAVE_STRING_H 1
| #define HAVE_MEMORY_H 1
| #define HAVE_STRINGS_H 1
| #define HAVE_INTTYPES_H 1
| #define HAVE_STDINT_H 1
| #define HAVE_UNISTD_H 1
| #define HAVE_DLFCN_H 1
| #define LT_OBJDIR ".libs/"
| #define STDC_HEADERS 1
| #define HAVE_FCNTL_H 1
| #define HAVE_INTTYPES_H 1
| #define HAVE_LIMITS_H 1
| #define HAVE_STDDEF_H 1
| #define HAVE_STDINT_H 1
| #define HAVE_STDLIB_H 1
| #define HAVE_STRING_H 1
| #define HAVE_STRINGS_H 1
| #define HAVE_SYS_PARAM_H 1
| #define HAVE_SYS_TIME_H 1
| #define HAVE_UNISTD_H 1
| #define HAVE__BOOL 1
| #define HAVE_STDBOOL_H 1
| #define TIME_WITH_SYS_TIME 1
| #define HAVE_PTRDIFF_T 1
| /* end confdefs.h.  */
| #include <sys/types.h>
| 		#include <sys/param.h>
| 
| int
| main ()
| {
| #if BYTE_ORDER != BIG_ENDIAN
| 		 not big endian
| 		#endif
| 
|   ;
|   return 0;
| }
configure:13348: result: no
configure:13413: checking size of void *
configure:13418: gcc -o conftest -g -O2   conftest.c  >&5
configure:13418: $? = 0
configure:13418: ./conftest
configure:13418: $? = 0
configure:13432: result: 8
configure:13443: result: Detected 64-bit Build Environment
configure:13454: checking for error_at_line
configure:13470: gcc -o conftest -DJU_64BIT   conftest.c  >&5
conftest.c:41:10: fatal error: 'error.h' file not found
#include <error.h>
         ^
1 error generated.
configure:13470: $? = 1
configure: failed program was:
| /* confdefs.h */
| #define PACKAGE_NAME "Judy"
| #define PACKAGE_TARNAME "judy"
| #define PACKAGE_VERSION "1.0.5"
| #define PACKAGE_STRING "Judy 1.0.5"
| #define PACKAGE_BUGREPORT "dougbaskins@yahoo.com"
| #define PACKAGE_URL ""
| #define PACKAGE "Judy"
| #define VERSION "1.0.5"
| #define STDC_HEADERS 1
| #define HAVE_SYS_TYPES_H 1
| #define HAVE_SYS_STAT_H 1
| #define HAVE_STDLIB_H 1
| #define HAVE_STRING_H 1
| #define HAVE_MEMORY_H 1
| #define HAVE_STRINGS_H 1
| #define HAVE_INTTYPES_H 1
| #define HAVE_STDINT_H 1
| #define HAVE_UNISTD_H 1
| #define HAVE_DLFCN_H 1
| #define LT_OBJDIR ".libs/"
| #define STDC_HEADERS 1
| #define HAVE_FCNTL_H 1
| #define HAVE_INTTYPES_H 1
| #define HAVE_LIMITS_H 1
| #define HAVE_STDDEF_H 1
| #define HAVE_STDINT_H 1
| #define HAVE_STDLIB_H 1
| #define HAVE_STRING_H 1
| #define HAVE_STRINGS_H 1
| #define HAVE_SYS_PARAM_H 1
| #define HAVE_SYS_TIME_H 1
| #define HAVE_UNISTD_H 1
| #define HAVE__BOOL 1
| #define HAVE_STDBOOL_H 1
| #define TIME_WITH_SYS_TIME 1
| #define HAVE_PTRDIFF_T 1
| #define JU_LITTLE_ENDIAN 1
| #define SIZEOF_VOID_P 8
| /* end confdefs.h.  */
| #include <error.h>
| int
| main ()
| {
| error_at_line (0, 0, "", 0, "an error occurred");
|   ;
|   return 0;
| }
configure:13478: result: no
configure:13491: checking for stdlib.h
configure:13491: result: yes
configure:13501: checking for GNU libc compatible malloc
configure:13525: gcc -o conftest -DJU_64BIT   conftest.c  >&5
configure:13525: $? = 0
configure:13525: ./conftest
configure:13525: $? = 0
configure:13535: result: yes
configure:13556: checking for working memcmp
configure:13599: gcc -o conftest -DJU_64BIT   conftest.c  >&5
configure:13599: $? = 0
configure:13599: ./conftest
configure:13599: $? = 0
configure:13609: result: yes
configure:13624: checking for stdlib.h
configure:13624: result: yes
configure:13624: checking for unistd.h
configure:13624: result: yes
configure:13624: checking for sys/param.h
configure:13624: result: yes
configure:13644: checking for getpagesize
configure:13644: gcc -o conftest -DJU_64BIT   conftest.c  >&5
configure:13644: $? = 0
configure:13644: result: yes
configure:13653: checking for working mmap
configure:13800: gcc -o conftest -DJU_64BIT   conftest.c  >&5
configure:13800: $? = 0
configure:13800: ./conftest
configure:13800: $? = 0
configure:13810: result: yes
configure:13819: checking whether lstat correctly handles trailing slash
configure:13845: gcc -o conftest -DJU_64BIT   conftest.c  >&5
configure:13845: $? = 0
configure:13845: ./conftest
configure:13845: $? = 1
configure: program exited with status 1
configure: failed program was:
| /* confdefs.h */
| #define PACKAGE_NAME "Judy"
| #define PACKAGE_TARNAME "judy"
| #define PACKAGE_VERSION "1.0.5"
| #define PACKAGE_STRING "Judy 1.0.5"
| #define PACKAGE_BUGREPORT "dougbaskins@yahoo.com"
| #define PACKAGE_URL ""
| #define PACKAGE "Judy"
| #define VERSION "1.0.5"
| #define STDC_HEADERS 1
| #define HAVE_SYS_TYPES_H 1
| #define HAVE_SYS_STAT_H 1
| #define HAVE_STDLIB_H 1
| #define HAVE_STRING_H 1
| #define HAVE_MEMORY_H 1
| #define HAVE_STRINGS_H 1
| #define HAVE_INTTYPES_H 1
| #define HAVE_STDINT_H 1
| #define HAVE_UNISTD_H 1
| #define HAVE_DLFCN_H 1
| #define LT_OBJDIR ".libs/"
| #define STDC_HEADERS 1
| #define HAVE_FCNTL_H 1
| #define HAVE_INTTYPES_H 1
| #define HAVE_LIMITS_H 1
| #define HAVE_STDDEF_H 1
| #define HAVE_STDINT_H 1
| #define HAVE_STDLIB_H 1
| #define HAVE_STRING_H 1
| #define HAVE_STRINGS_H 1
| #define HAVE_SYS_PARAM_H 1
| #define HAVE_SYS_TIME_H 1
| #define HAVE_UNISTD_H 1
| #define HAVE__BOOL 1
| #define HAVE_STDBOOL_H 1
| #define TIME_WITH_SYS_TIME 1
| #define HAVE_PTRDIFF_T 1
| #define JU_LITTLE_ENDIAN 1
| #define SIZEOF_VOID_P 8
| #define HAVE_STDLIB_H 1
| #define HAVE_MALLOC 1
| #define HAVE_STDLIB_H 1
| #define HAVE_UNISTD_H 1
| #define HAVE_SYS_PARAM_H 1
| #define HAVE_GETPAGESIZE 1
| #define HAVE_MMAP 1
| /* end confdefs.h.  */
| #include <stdio.h>
| #ifdef HAVE_SYS_TYPES_H
| # include <sys/types.h>
| #endif
| #ifdef HAVE_SYS_STAT_H
| # include <sys/stat.h>
| #endif
| #ifdef STDC_HEADERS
| # include <stdlib.h>
| # include <stddef.h>
| #else
| # ifdef HAVE_STDLIB_H
| #  include <stdlib.h>
| # endif
| #endif
| #ifdef HAVE_STRING_H
| # if !defined STDC_HEADERS && defined HAVE_MEMORY_H
| #  include <memory.h>
| # endif
| # include <string.h>
| #endif
| #ifdef HAVE_STRINGS_H
| # include <strings.h>
| #endif
| #ifdef HAVE_INTTYPES_H
| # include <inttypes.h>
| #endif
| #ifdef HAVE_STDINT_H
| # include <stdint.h>
| #endif
| #ifdef HAVE_UNISTD_H
| # include <unistd.h>
| #endif
| int
| main ()
| {
| struct stat sbuf;
|      /* Linux will dereference the symlink and fail, as required by POSIX.
| 	That is better in the sense that it means we will not
| 	have to compile and use the lstat wrapper.  */
|      return lstat ("conftest.sym/", &sbuf) == 0;
|   ;
|   return 0;
| }
configure:13862: result: no
configure:13881: checking whether stat accepts an empty string
configure:13901: gcc -o conftest -DJU_64BIT   conftest.c  >&5
configure:13901: $? = 0
configure:13901: ./conftest
configure:13901: $? = 0
configure:13911: result: no
configure:13929: checking for vprintf
configure:13929: gcc -o conftest -DJU_64BIT   conftest.c  >&5
conftest.c:71:6: warning: incompatible redeclaration of library function 'vprintf' [-Wincompatible-library-redeclaration]
char vprintf ();
     ^
conftest.c:71:6: note: 'vprintf' is a builtin with type 'int (const char *, __va_list_tag *)'
1 warning generated.
configure:13929: $? = 0
configure:13929: result: yes
configure:13935: checking for _doprnt
configure:13935: gcc -o conftest -DJU_64BIT   conftest.c  >&5
Undefined symbols for architecture x86_64:
  "__doprnt", referenced from:
      _main in conftest-e8d706.o
ld: symbol(s) not found for architecture x86_64
clang: error: linker command failed with exit code 1 (use -v to see invocation)
configure:13935: $? = 1
configure: failed program was:
| /* confdefs.h */
| #define PACKAGE_NAME "Judy"
| #define PACKAGE_TARNAME "judy"
| #define PACKAGE_VERSION "1.0.5"
| #define PACKAGE_STRING "Judy 1.0.5"
| #define PACKAGE_BUGREPORT "dougbaskins@yahoo.com"
| #define PACKAGE_URL ""
| #define PACKAGE "Judy"
| #define VERSION "1.0.5"
| #define STDC_HEADERS 1
| #define HAVE_SYS_TYPES_H 1
| #define HAVE_SYS_STAT_H 1
| #define HAVE_STDLIB_H 1
| #define HAVE_STRING_H 1
| #define HAVE_MEMORY_H 1
| #define HAVE_STRINGS_H 1
| #define HAVE_INTTYPES_H 1
| #define HAVE_STDINT_H 1
| #define HAVE_UNISTD_H 1
| #define HAVE_DLFCN_H 1
| #define LT_OBJDIR ".libs/"
| #define STDC_HEADERS 1
| #define HAVE_FCNTL_H 1
| #define HAVE_INTTYPES_H 1
| #define HAVE_LIMITS_H 1
| #define HAVE_STDDEF_H 1
| #define HAVE_STDINT_H 1
| #define HAVE_STDLIB_H 1
| #define HAVE_STRING_H 1
| #define HAVE_STRINGS_H 1
| #define HAVE_SYS_PARAM_H 1
| #define HAVE_SYS_TIME_H 1
| #define HAVE_UNISTD_H 1
| #define HAVE__BOOL 1
| #define HAVE_STDBOOL_H 1
| #define TIME_WITH_SYS_TIME 1
| #define HAVE_PTRDIFF_T 1
| #define JU_LITTLE_ENDIAN 1
| #define SIZEOF_VOID_P 8
| #define HAVE_STDLIB_H 1
| #define HAVE_MALLOC 1
| #define HAVE_STDLIB_H 1
| #define HAVE_UNISTD_H 1
| #define HAVE_SYS_PARAM_H 1
| #define HAVE_GETPAGESIZE 1
| #define HAVE_MMAP 1
| #define HAVE_VPRINTF 1
| /* end confdefs.h.  */
| /* Define _doprnt to an innocuous variant, in case <limits.h> declares _doprnt.
|    For example, HP-UX 11i <limits.h> declares gettimeofday.  */
| #define _doprnt innocuous__doprnt
| 
| /* System header to define __stub macros and hopefully few prototypes,
|     which can conflict with char _doprnt (); below.
|     Prefer <limits.h> to <assert.h> if __STDC__ is defined, since
|     <limits.h> exists even on freestanding compilers.  */
| 
| #ifdef __STDC__
| # include <limits.h>
| #else
| # include <assert.h>
| #endif
| 
| #undef _doprnt
| 
| /* Override any GCC internal prototype to avoid an error.
|    Use char because int might match the return type of a GCC
|    builtin and then its argument prototype would still apply.  */
| #ifdef __cplusplus
| extern "C"
| #endif
| char _doprnt ();
| /* The GNU C library defines this for functions which it implements
|     to always fail with ENOSYS.  Some functions are actually named
|     something starting with __ and the normal name is an alias.  */
| #if defined __stub__doprnt || defined __stub____doprnt
| choke me
| #endif
| 
| int
| main ()
| {
| return _doprnt ();
|   ;
|   return 0;
| }
configure:13935: result: no
configure:13949: checking for getpagesize
configure:13949: result: yes
configure:13949: checking for gettimeofday
configure:13949: gcc -o conftest -DJU_64BIT   conftest.c  >&5
configure:13949: $? = 0
configure:13949: result: yes
configure:13949: checking for memset
configure:13949: gcc -o conftest -DJU_64BIT   conftest.c  >&5
conftest.c:74:6: warning: incompatible redeclaration of library function 'memset' [-Wincompatible-library-redeclaration]
char memset ();
     ^
conftest.c:74:6: note: 'memset' is a builtin with type 'void *(void *, int, unsigned long)'
1 warning generated.
configure:13949: $? = 0
configure:13949: result: yes
configure:13949: checking for munmap
configure:13949: gcc -o conftest -DJU_64BIT   conftest.c  >&5
configure:13949: $? = 0
configure:13949: result: yes
configure:13949: checking for pow
configure:13949: gcc -o conftest -DJU_64BIT   conftest.c  >&5
conftest.c:76:6: warning: incompatible redeclaration of library function 'pow' [-Wincompatible-library-redeclaration]
char pow ();
     ^
conftest.c:76:6: note: 'pow' is a builtin with type 'double (double, double)'
1 warning generated.
configure:13949: $? = 0
configure:13949: result: yes
configure:13949: checking for strchr
configure:13949: gcc -o conftest -DJU_64BIT   conftest.c  >&5
conftest.c:77:6: warning: incompatible redeclaration of library function 'strchr' [-Wincompatible-library-redeclaration]
char strchr ();
     ^
conftest.c:77:6: note: 'strchr' is a builtin with type 'char *(const char *, int)'
1 warning generated.
configure:13949: $? = 0
configure:13949: result: yes
configure:13949: checking for strcspn
configure:13949: gcc -o conftest -DJU_64BIT   conftest.c  >&5
conftest.c:78:6: warning: incompatible redeclaration of library function 'strcspn' [-Wincompatible-library-redeclaration]
char strcspn ();
     ^
conftest.c:78:6: note: 'strcspn' is a builtin with type 'unsigned long (const char *, const char *)'
1 warning generated.
configure:13949: $? = 0
configure:13949: result: yes
configure:13949: checking for strerror
configure:13949: gcc -o conftest -DJU_64BIT   conftest.c  >&5
conftest.c:79:6: warning: incompatible redeclaration of library function 'strerror' [-Wincompatible-library-redeclaration]
char strerror ();
     ^
conftest.c:79:6: note: 'strerror' is a builtin with type 'char *(int)'
1 warning generated.
configure:13949: $? = 0
configure:13949: result: yes
configure:13949: checking for strstr
configure:13949: gcc -o conftest -DJU_64BIT   conftest.c  >&5
conftest.c:80:6: warning: incompatible redeclaration of library function 'strstr' [-Wincompatible-library-redeclaration]
char strstr ();
     ^
conftest.c:80:6: note: 'strstr' is a builtin with type 'char *(const char *, const char *)'
1 warning generated.
configure:13949: $? = 0
configure:13949: result: yes
configure:13949: checking for strtoul
configure:13949: gcc -o conftest -DJU_64BIT   conftest.c  >&5
configure:13949: $? = 0
configure:13949: result: yes
configure:13949: checking for uname
configure:13949: gcc -o conftest -DJU_64BIT   conftest.c  >&5
configure:13949: $? = 0
configure:13949: result: yes
configure:14002: checking for ar
configure:14029: result: ar
configure:14094: checking for ld
configure:14121: result: /Applications/Xcode.app/Contents/Developer/Toolchains/XcodeDefault.xctoolchain/usr/bin/ld
configure:14186: checking for ranlib
configure:14213: result: ranlib
configure:14374: checking that generated files are newer than configure
configure:14380: result: done
configure:14408: creating ./config.status

## ---------------------- ##
## Running config.status. ##
## ---------------------- ##

This file was extended by Judy config.status 1.0.5, which was
generated by GNU Autoconf 2.69.  Invocation command line was

  CONFIG_FILES    = 
  CONFIG_HEADERS  = 
  CONFIG_LINKS    = 
  CONFIG_COMMANDS = 
  $ ./config.status 

on jasons-MBP

config.status:1126: creating Makefile
config.status:1126: creating src/Judy1/Makefile
config.status:1126: creating src/JudyCommon/Makefile
config.status:1126: creating src/JudyHS/Makefile
config.status:1126: creating src/JudyL/Makefile
config.status:1126: creating src/JudySL/Makefile
config.status:1126: creating src/Makefile
config.status:1126: creating config.h
config.status:1307: config.h is unchanged
config.status:1355: executing depfiles commands
config.status:1355: executing libtool commands

## ---------------- ##
## Cache variables. ##
## ---------------- ##

ac_cv_build=x86_64-apple-darwin14.3.0
ac_cv_c_bigendian=no
ac_cv_c_compiler_gnu=yes
ac_cv_c_const=yes
ac_cv_c_inline=inline
ac_cv_c_volatile=yes
ac_cv_env_CC_set=
ac_cv_env_CC_value=
ac_cv_env_CFLAGS_set=
ac_cv_env_CFLAGS_value=
ac_cv_env_CPPFLAGS_set=
ac_cv_env_CPPFLAGS_value=
ac_cv_env_CPP_set=
ac_cv_env_CPP_value=
ac_cv_env_LDFLAGS_set=
ac_cv_env_LDFLAGS_value=
ac_cv_env_LIBS_set=
ac_cv_env_LIBS_value=
ac_cv_env_build_alias_set=
ac_cv_env_build_alias_value=
ac_cv_env_host_alias_set=
ac_cv_env_host_alias_value=
ac_cv_env_target_alias_set=
ac_cv_env_target_alias_value=
ac_cv_func__doprnt=no
ac_cv_func_getpagesize=yes
ac_cv_func_gettimeofday=yes
ac_cv_func_lstat_dereferences_slashed_symlink=no
ac_cv_func_malloc_0_nonnull=yes
ac_cv_func_memcmp_working=yes
ac_cv_func_memset=yes
ac_cv_func_mmap_fixed_mapped=yes
ac_cv_func_munmap=yes
ac_cv_func_pow=yes
ac_cv_func_stat_empty_string_bug=no
ac_cv_func_strchr=yes
ac_cv_func_strcspn=yes
ac_cv_func_strerror=yes
ac_cv_func_strstr=yes
ac_cv_func_strtoul=yes
ac_cv_func_uname=yes
ac_cv_func_vprintf=yes
ac_cv_header_dlfcn_h=yes
ac_cv_header_fcntl_h=yes
ac_cv_header_inttypes_h=yes
ac_cv_header_limits_h=yes
ac_cv_header_malloc_h=no
ac_cv_header_memory_h=yes
ac_cv_header_stdbool_h=yes
ac_cv_header_stdc=yes
ac_cv_header_stddef_h=yes
ac_cv_header_stdint_h=yes
ac_cv_header_stdlib_h=yes
ac_cv_header_string_h=yes
ac_cv_header_strings_h=yes
ac_cv_header_sys_param_h=yes
ac_cv_header_sys_stat_h=yes
ac_cv_header_sys_time_h=yes
ac_cv_header_sys_types_h=yes
ac_cv_header_time=yes
ac_cv_header_unistd_h=yes
ac_cv_host=x86_64-apple-darwin14.3.0
ac_cv_lib_error_at_line=no
ac_cv_objext=o
ac_cv_path_EGREP='/usr/bin/grep -E'
ac_cv_path_FGREP='/usr/bin/grep -F'
ac_cv_path_GREP=/usr/bin/grep
ac_cv_path_SED=/usr/bin/sed
ac_cv_path_install='/usr/bin/install -c'
ac_cv_prog_AWK=awk
ac_cv_prog_CPP='gcc -E'
ac_cv_prog_ac_ct_AR=ar
ac_cv_prog_ac_ct_CC=gcc
ac_cv_prog_ac_ct_DSYMUTIL=dsymutil
ac_cv_prog_ac_ct_LD=/Applications/Xcode.app/Contents/Developer/Toolchains/XcodeDefault.xctoolchain/usr/bin/ld
ac_cv_prog_ac_ct_LIPO=lipo
ac_cv_prog_ac_ct_NMEDIT=nmedit
ac_cv_prog_ac_ct_OTOOL=otool
ac_cv_prog_ac_ct_RANLIB=ranlib
ac_cv_prog_ac_ct_STRIP=strip
ac_cv_prog_cc_c89=
ac_cv_prog_cc_g=yes
ac_cv_prog_make_make_set=yes
ac_cv_sizeof_void_p=8
ac_cv_struct_tm=time.h
ac_cv_type__Bool=yes
ac_cv_type_ptrdiff_t=yes
ac_cv_type_size_t=yes
am_cv_CC_dependencies_compiler_type=gcc3
am_cv_make_support_nested_variables=yes
am_cv_prog_cc_c_o=yes
lt_cv_apple_cc_single_mod=yes
lt_cv_ar_at_file=no
lt_cv_deplibs_check_method=pass_all
lt_cv_file_magic_cmd='$MAGIC_CMD'
lt_cv_file_magic_test_file=
lt_cv_ld_exported_symbols_list=yes
lt_cv_ld_force_load=yes
lt_cv_ld_reload_flag=-r
lt_cv_nm_interface='BSD nm'
lt_cv_objdir=.libs
lt_cv_path_LD=/Applications/Xcode.app/Contents/Developer/Toolchains/XcodeDefault.xctoolchain/usr/bin/ld
lt_cv_path_NM=/usr/bin/nm
lt_cv_path_mainfest_tool=no
lt_cv_prog_compiler_c_o=yes
lt_cv_prog_compiler_pic='-fno-common -DPIC'
lt_cv_prog_compiler_pic_works=yes
lt_cv_prog_compiler_rtti_exceptions=yes
lt_cv_prog_compiler_static_works=no
lt_cv_prog_gnu_ld=no
lt_cv_sharedlib_from_linklib_cmd='printf %s\n'
lt_cv_sys_global_symbol_pipe='sed -n -e '\''s/^.*[	 ]\([BCDEGRST][BCDEGRST]*\)[	 ][	 ]*_\([_A-Za-z][_A-Za-z0-9]*\)$/\1 _\2 \2/p'\'' | sed '\''/ __gnu_lto/d'\'''
lt_cv_sys_global_symbol_to_c_name_address='sed -n -e '\''s/^: \([^ ]*\)[ ]*$/  {\"\1\", (void *) 0},/p'\'' -e '\''s/^[BCDEGRST]* \([^ ]*\) \([^ ]*\)$/  {"\2", (void *) \&\2},/p'\'''
lt_cv_sys_global_symbol_to_c_name_address_lib_prefix='sed -n -e '\''s/^: \([^ ]*\)[ ]*$/  {\"\1\", (void *) 0},/p'\'' -e '\''s/^[BCDEGRST]* \([^ ]*\) \(lib[^ ]*\)$/  {"\2", (void *) \&\2},/p'\'' -e '\''s/^[BCDEGRST]* \([^ ]*\) \([^ ]*\)$/  {"lib\2", (void *) \&\2},/p'\'''
lt_cv_sys_global_symbol_to_cdecl='sed -n -e '\''s/^T .* \(.*\)$/extern int \1();/p'\'' -e '\''s/^[BCDEGRST]* .* \(.*\)$/extern char \1;/p'\'''
lt_cv_sys_max_cmd_len=196608
lt_cv_to_host_file_cmd=func_convert_file_noop
lt_cv_to_tool_file_cmd=func_convert_file_noop

## ----------------- ##
## Output variables. ##
## ----------------- ##

ACLOCAL='${SHELL} /Users/cantarel/randomdiagram/judy/missing aclocal-1.14'
AMDEPBACKSLASH='\'
AMDEP_FALSE='#'
AMDEP_TRUE=''
AMTAR='$${TAR-tar}'
AM_BACKSLASH='\'
AM_DEFAULT_V='$(AM_DEFAULT_VERBOSITY)'
AM_DEFAULT_VERBOSITY='1'
AM_V='$(V)'
AR='ar'
AUTOCONF='${SHELL} /Users/cantarel/randomdiagram/judy/missing autoconf'
AUTOHEADER='${SHELL} /Users/cantarel/randomdiagram/judy/missing autoheader'
AUTOMAKE='${SHELL} /Users/cantarel/randomdiagram/judy/missing automake-1.14'
AWK='awk'
CC='gcc'
CCDEPMODE='depmode=gcc3'
CFLAGS='-DJU_64BIT'
CPP='gcc -E'
CPPFLAGS=''
CYGPATH_W='echo'
DEFS='-DHAVE_CONFIG_H'
DEPDIR='.deps'
DLLTOOL='false'
DSYMUTIL='dsymutil'
DUMPBIN=''
ECHO_C='\c'
ECHO_N=''
ECHO_T=''
EGREP='/usr/bin/grep -E'
EXEEXT=''
FGREP='/usr/bin/grep -F'
FLAVOR='product'
GREP='/usr/bin/grep'
INSTALL_DATA='${INSTALL} -m 644'
INSTALL_PROGRAM='${INSTALL}'
INSTALL_SCRIPT='${INSTALL}'
INSTALL_STRIP_PROGRAM='$(install_sh) -c -s'
LD='/Applications/Xcode.app/Contents/Developer/Toolchains/XcodeDefault.xctoolchain/usr/bin/ld'
LDFLAGS=''
LIBOBJS=' ${LIBOBJDIR}error$U.o ${LIBOBJDIR}lstat$U.o'
LIBS=''
LIBTOOL='$(SHELL) $(top_builddir)/libtool'
LIPO='lipo'
LN_S='ln -s'
LTLIBOBJS=' ${LIBOBJDIR}error$U.lo ${LIBOBJDIR}lstat$U.lo'
MAINT='#'
MAINTAINER_MODE_FALSE=''
MAINTAINER_MODE_TRUE='#'
MAKEINFO='${SHELL} /Users/cantarel/randomdiagram/judy/missing makeinfo'
MANIFEST_TOOL=':'
MKDIR_P='./install-sh -c -d'
NM='/usr/bin/nm'
NMEDIT='nmedit'
OBJDUMP='false'
OBJEXT='o'
OTOOL64=':'
OTOOL='otool'
PACKAGE='Judy'
PACKAGE_BUGREPORT='dougbaskins@yahoo.com'
PACKAGE_NAME='Judy'
PACKAGE_STRING='Judy 1.0.5'
PACKAGE_TARNAME='judy'
PACKAGE_URL=''
PACKAGE_VERSION='1.0.5'
PATH_SEPARATOR=':'
RANLIB='ranlib'
SED='/usr/bin/sed'
SET_MAKE=''
SHELL='/bin/sh'
STRIP='strip'
VERSION='1.0.5'
VERSION_INFO='-version-info 1:3:0'
WARN_CFLAGS=''
ac_ct_AR='ar'
ac_ct_CC='gcc'
ac_ct_DUMPBIN=''
am__EXEEXT_FALSE=''
am__EXEEXT_TRUE='#'
am__fastdepCC_FALSE='#'
am__fastdepCC_TRUE=''
am__include='include'
am__isrc=''
am__leading_dot='.'
am__nodep='_no'
am__quote=''
am__tar='$${TAR-tar} chof - "$$tardir"'
am__untar='$${TAR-tar} xf -'
bindir='${exec_prefix}/bin'
build='x86_64-apple-darwin14.3.0'
build_alias=''
build_cpu='x86_64'
build_os='darwin14.3.0'
build_vendor='apple'
datadir='${datarootdir}'
datarootdir='${prefix}/share'
docdir='${datarootdir}/doc/${PACKAGE_TARNAME}'
dvidir='${docdir}'
exec_prefix='${prefix}'
host='x86_64-apple-darwin14.3.0'
host_alias=''
host_cpu='x86_64'
host_os='darwin14.3.0'
host_vendor='apple'
htmldir='${docdir}'
includedir='${prefix}/include'
infodir='${datarootdir}/info'
install_sh='${SHELL} /Users/cantarel/randomdiagram/judy/install-sh'
libdir='${exec_prefix}/lib'
libexecdir='${exec_prefix}/libexec'
localedir='${datarootdir}/locale'
localstatedir='${prefix}/var'
mandir='${datarootdir}/man'
mkdir_p='$(MKDIR_P)'
oldincludedir='/usr/include'
pdfdir='${docdir}'
prefix='/usr/local'
program_transform_name='s,x,x,'
psdir='${docdir}'
sbindir='${exec_prefix}/sbin'
sharedstatedir='${prefix}/com'
sysconfdir='${prefix}/etc'
target_alias=''

## ----------- ##
## confdefs.h. ##
## ----------- ##

/* confdefs.h */
#define PACKAGE_NAME "Judy"
#define PACKAGE_TARNAME "judy"
#define PACKAGE_VERSION "1.0.5"
#define PACKAGE_STRING "Judy 1.0.5"
#define PACKAGE_BUGREPORT "dougbaskins@yahoo.com"
#define PACKAGE_URL ""
#define PACKAGE "Judy"
#define VERSION "1.0.5"
#define STDC_HEADERS 1
#define HAVE_SYS_TYPES_H 1
#define HAVE_SYS_STAT_H 1
#define HAVE_STDLIB_H 1
#define HAVE_STRING_H 1
#define HAVE_MEMORY_H 1
#define HAVE_STRINGS_H 1
#define HAVE_INTTYPES_H 1
#define HAVE_STDINT_H 1
#define HAVE_UNISTD_H 1
#define HAVE_DLFCN_H 1
#define LT_OBJDIR ".libs/"
#define STDC_HEADERS 1
#define HAVE_FCNTL_H 1
#define HAVE_INTTYPES_H 1
#define HAVE_LIMITS_H 1
#define HAVE_STDDEF_H 1
#define HAVE_STDINT_H 1
#define HAVE_STDLIB_H 1
#define HAVE_STRING_H 1
#define HAVE_STRINGS_H 1
#define HAVE_SYS_PARAM_H 1
#define HAVE_SYS_TIME_H 1
#define HAVE_UNISTD_H 1
#define HAVE__BOOL 1
#define HAVE_STDBOOL_H 1
#define TIME_WITH_SYS_TIME 1
#define HAVE_PTRDIFF_T 1
#define JU_LITTLE_ENDIAN 1
#define SIZEOF_VOID_P 8
#define HAVE_STDLIB_H 1
#define HAVE_MALLOC 1
#define HAVE_STDLIB_H 1
#define HAVE_UNISTD_H 1
#define HAVE_SYS_PARAM_H 1
#define HAVE_GETPAGESIZE 1
#define HAVE_MMAP 1
#define HAVE_VPRINTF 1
#define HAVE_GETPAGESIZE 1
#define HAVE_GETTIMEOFDAY 1
#define HAVE_MEMSET 1
#define HAVE_MUNMAP 1
#define HAVE_POW 1
#define HAVE_STRCHR 1
#define HAVE_STRCSPN 1
#define HAVE_STRERROR 1
#define HAVE_STRSTR 1
#define HAVE_STRTOUL 1
#define HAVE_UNAME 1

configure: exit 0
