This is pdfTeX, Version 3.14159265-2.6-1.40.16 (TeX Live 2015) (preloaded format=pdflatex 2015.5.24)  23 JUN 2016 15:02
entering extended mode
 restricted \write18 enabled.
 file:line:error style messages enabled.
 %&-line parsing enabled.
**ams_athens_knotdiagrams.tex
(./ams_athens_knotdiagrams.tex
LaTeX2e <2015/01/01>
Babel <3.9l> and hyphenation patterns for 79 languages loaded.
(/usr/local/texlive/2015/texmf-dist/tex/latex/beamer/beamer.cls
(/usr/local/texlive/2015/texmf-dist/tex/latex/beamer/beamerbasercs.sty
Package: beamerbasercs 2015/03/08 (rcs-revision 368aa9ba9d38)
)
Document Class: beamer 2015/01/05 3.36 A class for typesetting presentations (r
cs-revision 8a39122e1f63)
(/usr/local/texlive/2015/texmf-dist/tex/latex/beamer/beamerbasemodes.sty
Package: beamerbasemodes 2013/09/03 (rcs-revision 768f2d98ca64)
\beamer@tempbox=\box26
\beamer@tempcount=\count79
\c@beamerpauses=\count80

(/usr/local/texlive/2015/texmf-dist/tex/latex/beamer/beamerbasedecode.sty
Package: beamerbasedecode 2010/05/01 (rcs-revision efa082c6111d)
\beamer@slideinframe=\count81
\beamer@minimum=\count82
)
\beamer@commentbox=\box27
\beamer@modecount=\count83
)
(/usr/local/texlive/2015/texmf-dist/tex/generic/oberdiek/ifpdf.sty
Package: ifpdf 2011/01/30 v2.3 Provides the ifpdf switch (HO)
Package ifpdf Info: pdfTeX in PDF mode is detected.
)
\headheight=\dimen102
\headdp=\dimen103
\footheight=\dimen104
\sidebarheight=\dimen105
\beamer@tempdim=\dimen106
\beamer@finalheight=\dimen107
\beamer@animht=\dimen108
\beamer@animdp=\dimen109
\beamer@animwd=\dimen110
\beamer@leftmargin=\dimen111
\beamer@rightmargin=\dimen112
\beamer@leftsidebar=\dimen113
\beamer@rightsidebar=\dimen114
\beamer@boxsize=\dimen115
\beamer@vboxoffset=\dimen116
\beamer@descdefault=\dimen117
\beamer@descriptionwidth=\dimen118
\beamer@lastskip=\skip41
\beamer@areabox=\box28
\beamer@animcurrent=\box29
\beamer@animshowbox=\box30
\beamer@sectionbox=\box31
\beamer@logobox=\box32
\beamer@linebox=\box33
\beamer@sectioncount=\count84
\beamer@subsubsectionmax=\count85
\beamer@subsectionmax=\count86
\beamer@sectionmax=\count87
\beamer@totalheads=\count88
\beamer@headcounter=\count89
\beamer@partstartpage=\count90
\beamer@sectionstartpage=\count91
\beamer@subsectionstartpage=\count92
\beamer@animationtempa=\count93
\beamer@animationtempb=\count94
\beamer@xpos=\count95
\beamer@ypos=\count96
\beamer@showpartnumber=\count97
\beamer@currentsubsection=\count98
\beamer@coveringdepth=\count99
\beamer@sectionadjust=\count100
\beamer@tocsectionnumber=\count101

(/usr/local/texlive/2015/texmf-dist/tex/latex/beamer/beamerbaseoptions.sty
Package: beamerbaseoptions 2013/03/10 (rcs-revision 47431932db0d)

(/usr/local/texlive/2015/texmf-dist/tex/latex/graphics/keyval.sty
Package: keyval 2014/10/28 v1.15 key=value parser (DPC)
\KV@toks@=\toks14
))
\beamer@paperwidth=\skip42
\beamer@paperheight=\skip43

(/usr/local/texlive/2015/texmf-dist/tex/latex/geometry/geometry.sty
Package: geometry 2010/09/12 v5.6 Page Geometry

(/usr/local/texlive/2015/texmf-dist/tex/generic/oberdiek/ifvtex.sty
Package: ifvtex 2010/03/01 v1.5 Detect VTeX and its facilities (HO)
Package ifvtex Info: VTeX not detected.
)
(/usr/local/texlive/2015/texmf-dist/tex/generic/ifxetex/ifxetex.sty
Package: ifxetex 2010/09/12 v0.6 Provides ifxetex conditional
)
\Gm@cnth=\count102
\Gm@cntv=\count103
\c@Gm@tempcnt=\count104
\Gm@bindingoffset=\dimen119
\Gm@wd@mp=\dimen120
\Gm@odd@mp=\dimen121
\Gm@even@mp=\dimen122
\Gm@layoutwidth=\dimen123
\Gm@layoutheight=\dimen124
\Gm@layouthoffset=\dimen125
\Gm@layoutvoffset=\dimen126
\Gm@dimlist=\toks15
)
(/usr/local/texlive/2015/texmf-dist/tex/latex/base/size11.clo
File: size11.clo 2014/09/29 v1.4h Standard LaTeX file (size option)
)
(/usr/local/texlive/2015/texmf-dist/tex/latex/pgf/basiclayer/pgfcore.sty
(/usr/local/texlive/2015/texmf-dist/tex/latex/graphics/graphicx.sty
Package: graphicx 2014/10/28 v1.0g Enhanced LaTeX Graphics (DPC,SPQR)

(/usr/local/texlive/2015/texmf-dist/tex/latex/graphics/graphics.sty
Package: graphics 2014/10/28 v1.0p Standard LaTeX Graphics (DPC,SPQR)

(/usr/local/texlive/2015/texmf-dist/tex/latex/graphics/trig.sty
Package: trig 1999/03/16 v1.09 sin cos tan (DPC)
)
(/usr/local/texlive/2015/texmf-dist/tex/latex/latexconfig/graphics.cfg
File: graphics.cfg 2010/04/23 v1.9 graphics configuration of TeX Live
)
Package graphics Info: Driver file: pdftex.def on input line 94.

(/usr/local/texlive/2015/texmf-dist/tex/latex/pdftex-def/pdftex.def
File: pdftex.def 2011/05/27 v0.06d Graphics/color for pdfTeX

(/usr/local/texlive/2015/texmf-dist/tex/generic/oberdiek/infwarerr.sty
Package: infwarerr 2010/04/08 v1.3 Providing info/warning/error messages (HO)
)
(/usr/local/texlive/2015/texmf-dist/tex/generic/oberdiek/ltxcmds.sty
Package: ltxcmds 2011/11/09 v1.22 LaTeX kernel commands for general use (HO)
)
\Gread@gobject=\count105
))
\Gin@req@height=\dimen127
\Gin@req@width=\dimen128
)
(/usr/local/texlive/2015/texmf-dist/tex/latex/pgf/systemlayer/pgfsys.sty
(/usr/local/texlive/2015/texmf-dist/tex/latex/pgf/utilities/pgfrcs.sty
(/usr/local/texlive/2015/texmf-dist/tex/generic/pgf/utilities/pgfutil-common.te
x
\pgfutil@everybye=\toks16
\pgfutil@tempdima=\dimen129
\pgfutil@tempdimb=\dimen130

(/usr/local/texlive/2015/texmf-dist/tex/generic/pgf/utilities/pgfutil-common-li
sts.tex))
(/usr/local/texlive/2015/texmf-dist/tex/generic/pgf/utilities/pgfutil-latex.def
\pgfutil@abb=\box34
(/usr/local/texlive/2015/texmf-dist/tex/latex/ms/everyshi.sty
Package: everyshi 2001/05/15 v3.00 EveryShipout Package (MS)
))
(/usr/local/texlive/2015/texmf-dist/tex/generic/pgf/utilities/pgfrcs.code.tex
Package: pgfrcs 2013/12/20 v3.0.0 (rcs-revision 1.28)
))
(/usr/local/texlive/2015/texmf-dist/tex/generic/pgf/systemlayer/pgfsys.code.tex
Package: pgfsys 2013/11/30 v3.0.0 (rcs-revision 1.47)
(/usr/local/texlive/2015/texmf-dist/tex/generic/pgf/utilities/pgfkeys.code.tex
\pgfkeys@pathtoks=\toks17
\pgfkeys@temptoks=\toks18

(/usr/local/texlive/2015/texmf-dist/tex/generic/pgf/utilities/pgfkeysfiltered.c
ode.tex
\pgfkeys@tmptoks=\toks19
))
\pgf@x=\dimen131
\pgf@y=\dimen132
\pgf@xa=\dimen133
\pgf@ya=\dimen134
\pgf@xb=\dimen135
\pgf@yb=\dimen136
\pgf@xc=\dimen137
\pgf@yc=\dimen138
\w@pgf@writea=\write3
\r@pgf@reada=\read1
\c@pgf@counta=\count106
\c@pgf@countb=\count107
\c@pgf@countc=\count108
\c@pgf@countd=\count109
\t@pgf@toka=\toks20
\t@pgf@tokb=\toks21
\t@pgf@tokc=\toks22

(/usr/local/texlive/2015/texmf-dist/tex/generic/pgf/systemlayer/pgf.cfg
File: pgf.cfg 2008/05/14  (rcs-revision 1.7)
)
Driver file for pgf: pgfsys-pdftex.def

(/usr/local/texlive/2015/texmf-dist/tex/generic/pgf/systemlayer/pgfsys-pdftex.d
ef
File: pgfsys-pdftex.def 2013/07/18  (rcs-revision 1.33)

(/usr/local/texlive/2015/texmf-dist/tex/generic/pgf/systemlayer/pgfsys-common-p
df.def
File: pgfsys-common-pdf.def 2013/10/10  (rcs-revision 1.13)
)))
(/usr/local/texlive/2015/texmf-dist/tex/generic/pgf/systemlayer/pgfsyssoftpath.
code.tex
File: pgfsyssoftpath.code.tex 2013/09/09  (rcs-revision 1.9)
\pgfsyssoftpath@smallbuffer@items=\count110
\pgfsyssoftpath@bigbuffer@items=\count111
)
(/usr/local/texlive/2015/texmf-dist/tex/generic/pgf/systemlayer/pgfsysprotocol.
code.tex
File: pgfsysprotocol.code.tex 2006/10/16  (rcs-revision 1.4)
)) (/usr/local/texlive/2015/texmf-dist/tex/latex/xcolor/xcolor.sty
Package: xcolor 2007/01/21 v2.11 LaTeX color extensions (UK)

(/usr/local/texlive/2015/texmf-dist/tex/latex/latexconfig/color.cfg
File: color.cfg 2007/01/18 v1.5 color configuration of teTeX/TeXLive
)
Package xcolor Info: Driver file: pdftex.def on input line 225.

(/usr/local/texlive/2015/texmf-dist/tex/latex/colortbl/colortbl.sty
Package: colortbl 2012/02/13 v1.0a Color table columns (DPC)

(/usr/local/texlive/2015/texmf-dist/tex/latex/tools/array.sty
Package: array 2014/10/28 v2.4c Tabular extension package (FMi)
\col@sep=\dimen139
\extrarowheight=\dimen140
\NC@list=\toks23
\extratabsurround=\skip44
\backup@length=\skip45
)
\everycr=\toks24
\minrowclearance=\skip46
)
\rownum=\count112
Package xcolor Info: Model `cmy' substituted by `cmy0' on input line 1337.
Package xcolor Info: Model `hsb' substituted by `rgb' on input line 1341.
Package xcolor Info: Model `RGB' extended on input line 1353.
Package xcolor Info: Model `HTML' substituted by `rgb' on input line 1355.
Package xcolor Info: Model `Hsb' substituted by `hsb' on input line 1356.
Package xcolor Info: Model `tHsb' substituted by `hsb' on input line 1357.
Package xcolor Info: Model `HSB' substituted by `hsb' on input line 1358.
Package xcolor Info: Model `Gray' substituted by `gray' on input line 1359.
Package xcolor Info: Model `wave' substituted by `hsb' on input line 1360.
)
(/usr/local/texlive/2015/texmf-dist/tex/generic/pgf/basiclayer/pgfcore.code.tex
Package: pgfcore 2010/04/11 v3.0.0 (rcs-revision 1.7)
(/usr/local/texlive/2015/texmf-dist/tex/generic/pgf/math/pgfmath.code.tex
(/usr/local/texlive/2015/texmf-dist/tex/generic/pgf/math/pgfmathcalc.code.tex
(/usr/local/texlive/2015/texmf-dist/tex/generic/pgf/math/pgfmathutil.code.tex)
(/usr/local/texlive/2015/texmf-dist/tex/generic/pgf/math/pgfmathparser.code.tex
\pgfmath@dimen=\dimen141
\pgfmath@count=\count113
\pgfmath@box=\box35
\pgfmath@toks=\toks25
\pgfmath@stack@operand=\toks26
\pgfmath@stack@operation=\toks27
)
(/usr/local/texlive/2015/texmf-dist/tex/generic/pgf/math/pgfmathfunctions.code.
tex
(/usr/local/texlive/2015/texmf-dist/tex/generic/pgf/math/pgfmathfunctions.basic
.code.tex)
(/usr/local/texlive/2015/texmf-dist/tex/generic/pgf/math/pgfmathfunctions.trigo
nometric.code.tex)
(/usr/local/texlive/2015/texmf-dist/tex/generic/pgf/math/pgfmathfunctions.rando
m.code.tex)
(/usr/local/texlive/2015/texmf-dist/tex/generic/pgf/math/pgfmathfunctions.compa
rison.code.tex)
(/usr/local/texlive/2015/texmf-dist/tex/generic/pgf/math/pgfmathfunctions.base.
code.tex)
(/usr/local/texlive/2015/texmf-dist/tex/generic/pgf/math/pgfmathfunctions.round
.code.tex)
(/usr/local/texlive/2015/texmf-dist/tex/generic/pgf/math/pgfmathfunctions.misc.
code.tex)
(/usr/local/texlive/2015/texmf-dist/tex/generic/pgf/math/pgfmathfunctions.integ
erarithmetics.code.tex)))
(/usr/local/texlive/2015/texmf-dist/tex/generic/pgf/math/pgfmathfloat.code.tex
\c@pgfmathroundto@lastzeros=\count114
))
(/usr/local/texlive/2015/texmf-dist/tex/generic/pgf/basiclayer/pgfcorepoints.co
de.tex
File: pgfcorepoints.code.tex 2013/10/07  (rcs-revision 1.27)
\pgf@picminx=\dimen142
\pgf@picmaxx=\dimen143
\pgf@picminy=\dimen144
\pgf@picmaxy=\dimen145
\pgf@pathminx=\dimen146
\pgf@pathmaxx=\dimen147
\pgf@pathminy=\dimen148
\pgf@pathmaxy=\dimen149
\pgf@xx=\dimen150
\pgf@xy=\dimen151
\pgf@yx=\dimen152
\pgf@yy=\dimen153
\pgf@zx=\dimen154
\pgf@zy=\dimen155
)
(/usr/local/texlive/2015/texmf-dist/tex/generic/pgf/basiclayer/pgfcorepathconst
ruct.code.tex
File: pgfcorepathconstruct.code.tex 2013/10/07  (rcs-revision 1.29)
\pgf@path@lastx=\dimen156
\pgf@path@lasty=\dimen157
)
(/usr/local/texlive/2015/texmf-dist/tex/generic/pgf/basiclayer/pgfcorepathusage
.code.tex
File: pgfcorepathusage.code.tex 2013/12/13  (rcs-revision 1.23)
\pgf@shorten@end@additional=\dimen158
\pgf@shorten@start@additional=\dimen159
)
(/usr/local/texlive/2015/texmf-dist/tex/generic/pgf/basiclayer/pgfcorescopes.co
de.tex
File: pgfcorescopes.code.tex 2013/10/09  (rcs-revision 1.44)
\pgfpic=\box36
\pgf@hbox=\box37
\pgf@layerbox@main=\box38
\pgf@picture@serial@count=\count115
)
(/usr/local/texlive/2015/texmf-dist/tex/generic/pgf/basiclayer/pgfcoregraphicst
ate.code.tex
File: pgfcoregraphicstate.code.tex 2013/09/19  (rcs-revision 1.11)
\pgflinewidth=\dimen160
)
(/usr/local/texlive/2015/texmf-dist/tex/generic/pgf/basiclayer/pgfcoretransform
ations.code.tex
File: pgfcoretransformations.code.tex 2013/10/10  (rcs-revision 1.17)
\pgf@pt@x=\dimen161
\pgf@pt@y=\dimen162
\pgf@pt@temp=\dimen163
)
(/usr/local/texlive/2015/texmf-dist/tex/generic/pgf/basiclayer/pgfcorequick.cod
e.tex
File: pgfcorequick.code.tex 2008/10/09  (rcs-revision 1.3)
)
(/usr/local/texlive/2015/texmf-dist/tex/generic/pgf/basiclayer/pgfcoreobjects.c
ode.tex
File: pgfcoreobjects.code.tex 2006/10/11  (rcs-revision 1.2)
)
(/usr/local/texlive/2015/texmf-dist/tex/generic/pgf/basiclayer/pgfcorepathproce
ssing.code.tex
File: pgfcorepathprocessing.code.tex 2013/09/09  (rcs-revision 1.9)
)
(/usr/local/texlive/2015/texmf-dist/tex/generic/pgf/basiclayer/pgfcorearrows.co
de.tex
File: pgfcorearrows.code.tex 2013/11/07  (rcs-revision 1.40)
\pgfarrowsep=\dimen164
)
(/usr/local/texlive/2015/texmf-dist/tex/generic/pgf/basiclayer/pgfcoreshade.cod
e.tex
File: pgfcoreshade.code.tex 2013/07/15  (rcs-revision 1.15)
\pgf@max=\dimen165
\pgf@sys@shading@range@num=\count116
)
(/usr/local/texlive/2015/texmf-dist/tex/generic/pgf/basiclayer/pgfcoreimage.cod
e.tex
File: pgfcoreimage.code.tex 2013/07/15  (rcs-revision 1.18)

(/usr/local/texlive/2015/texmf-dist/tex/generic/pgf/basiclayer/pgfcoreexternal.
code.tex
File: pgfcoreexternal.code.tex 2013/07/15  (rcs-revision 1.20)
\pgfexternal@startupbox=\box39
))
(/usr/local/texlive/2015/texmf-dist/tex/generic/pgf/basiclayer/pgfcorelayers.co
de.tex
File: pgfcorelayers.code.tex 2013/07/18  (rcs-revision 1.7)
)
(/usr/local/texlive/2015/texmf-dist/tex/generic/pgf/basiclayer/pgfcoretranspare
ncy.code.tex
File: pgfcoretransparency.code.tex 2013/09/30  (rcs-revision 1.5)
)
(/usr/local/texlive/2015/texmf-dist/tex/generic/pgf/basiclayer/pgfcorepatterns.
code.tex
File: pgfcorepatterns.code.tex 2013/11/07  (rcs-revision 1.5)
)))
(/usr/local/texlive/2015/texmf-dist/tex/latex/pgf/utilities/xxcolor.sty
Package: xxcolor 2003/10/24 ver 0.1
\XC@nummixins=\count117
\XC@countmixins=\count118
)
(/usr/local/texlive/2015/texmf-dist/tex/generic/oberdiek/atbegshi.sty
Package: atbegshi 2011/10/05 v1.16 At begin shipout hook (HO)
)
(/usr/local/texlive/2015/texmf-dist/tex/latex/hyperref/hyperref.sty
Package: hyperref 2012/11/06 v6.83m Hypertext links for LaTeX

(/usr/local/texlive/2015/texmf-dist/tex/generic/oberdiek/hobsub-hyperref.sty
Package: hobsub-hyperref 2012/05/28 v1.13 Bundle oberdiek, subset hyperref (HO)


(/usr/local/texlive/2015/texmf-dist/tex/generic/oberdiek/hobsub-generic.sty
Package: hobsub-generic 2012/05/28 v1.13 Bundle oberdiek, subset generic (HO)
Package: hobsub 2012/05/28 v1.13 Construct package bundles (HO)
Package hobsub Info: Skipping package `infwarerr' (already loaded).
Package hobsub Info: Skipping package `ltxcmds' (already loaded).
Package: ifluatex 2010/03/01 v1.3 Provides the ifluatex switch (HO)
Package ifluatex Info: LuaTeX not detected.
Package hobsub Info: Skipping package `ifvtex' (already loaded).
Package: intcalc 2007/09/27 v1.1 Expandable calculations with integers (HO)
Package hobsub Info: Skipping package `ifpdf' (already loaded).
Package: etexcmds 2011/02/16 v1.5 Avoid name clashes with e-TeX commands (HO)
Package etexcmds Info: Could not find \expanded.
(etexcmds)             That can mean that you are not using pdfTeX 1.50 or
(etexcmds)             that some package has redefined \expanded.
(etexcmds)             In the latter case, load this package earlier.
Package: kvsetkeys 2012/04/25 v1.16 Key value parser (HO)
Package: kvdefinekeys 2011/04/07 v1.3 Define keys (HO)
Package: pdftexcmds 2011/11/29 v0.20 Utility functions of pdfTeX for LuaTeX (HO
)
Package pdftexcmds Info: LuaTeX not detected.
Package pdftexcmds Info: \pdf@primitive is available.
Package pdftexcmds Info: \pdf@ifprimitive is available.
Package pdftexcmds Info: \pdfdraftmode found.
Package: pdfescape 2011/11/25 v1.13 Implements pdfTeX's escape features (HO)
Package: bigintcalc 2012/04/08 v1.3 Expandable calculations on big integers (HO
)
Package: bitset 2011/01/30 v1.1 Handle bit-vector datatype (HO)
Package: uniquecounter 2011/01/30 v1.2 Provide unlimited unique counter (HO)
)
Package hobsub Info: Skipping package `hobsub' (already loaded).
Package: letltxmacro 2010/09/02 v1.4 Let assignment for LaTeX macros (HO)
Package: hopatch 2012/05/28 v1.2 Wrapper for package hooks (HO)
Package: xcolor-patch 2011/01/30 xcolor patch
Package: atveryend 2011/06/30 v1.8 Hooks at the very end of document (HO)
Package atveryend Info: \enddocument detected (standard20110627).
Package hobsub Info: Skipping package `atbegshi' (already loaded).
Package: refcount 2011/10/16 v3.4 Data extraction from label references (HO)
Package: hycolor 2011/01/30 v1.7 Color options for hyperref/bookmark (HO)
)
(/usr/local/texlive/2015/texmf-dist/tex/latex/oberdiek/auxhook.sty
Package: auxhook 2011/03/04 v1.3 Hooks for auxiliary files (HO)
)
(/usr/local/texlive/2015/texmf-dist/tex/latex/oberdiek/kvoptions.sty
Package: kvoptions 2011/06/30 v3.11 Key value format for package options (HO)
)
\@linkdim=\dimen166
\Hy@linkcounter=\count119
\Hy@pagecounter=\count120

(/usr/local/texlive/2015/texmf-dist/tex/latex/hyperref/pd1enc.def
File: pd1enc.def 2012/11/06 v6.83m Hyperref: PDFDocEncoding definition (HO)
)
\Hy@SavedSpaceFactor=\count121

(/usr/local/texlive/2015/texmf-dist/tex/latex/latexconfig/hyperref.cfg
File: hyperref.cfg 2002/06/06 v1.2 hyperref configuration of TeXLive
)
Package hyperref Info: Option `bookmarks' set `true' on input line 4319.
Package hyperref Info: Option `bookmarksopen' set `true' on input line 4319.
Package hyperref Info: Option `implicit' set `false' on input line 4319.
Package hyperref Info: Hyper figures OFF on input line 4443.
Package hyperref Info: Link nesting OFF on input line 4448.
Package hyperref Info: Hyper index ON on input line 4451.
Package hyperref Info: Plain pages OFF on input line 4458.
Package hyperref Info: Backreferencing OFF on input line 4463.
Package hyperref Info: Implicit mode OFF; no redefinition of LaTeX internals.
Package hyperref Info: Bookmarks ON on input line 4688.
\c@Hy@tempcnt=\count122

(/usr/local/texlive/2015/texmf-dist/tex/latex/url/url.sty
\Urlmuskip=\muskip10
Package: url 2013/09/16  ver 3.4  Verb mode for urls, etc.
)
LaTeX Info: Redefining \url on input line 5041.
\XeTeXLinkMargin=\dimen167
\Fld@menulength=\count123
\Field@Width=\dimen168
\Fld@charsize=\dimen169
Package hyperref Info: Hyper figures OFF on input line 6295.
Package hyperref Info: Link nesting OFF on input line 6300.
Package hyperref Info: Hyper index ON on input line 6303.
Package hyperref Info: backreferencing OFF on input line 6310.
Package hyperref Info: Link coloring OFF on input line 6315.
Package hyperref Info: Link coloring with OCG OFF on input line 6320.
Package hyperref Info: PDF/A mode OFF on input line 6325.
LaTeX Info: Redefining \ref on input line 6365.
LaTeX Info: Redefining \pageref on input line 6369.
\Hy@abspage=\count124


Package hyperref Message: Stopped early.

)

Package hyperref Message: Driver (autodetected): hpdftex.

(/usr/local/texlive/2015/texmf-dist/tex/latex/hyperref/hpdftex.def
File: hpdftex.def 2012/11/06 v6.83m Hyperref driver for pdfTeX
\Fld@listcount=\count125
\c@bookmark@seq@number=\count126

(/usr/local/texlive/2015/texmf-dist/tex/latex/oberdiek/rerunfilecheck.sty
Package: rerunfilecheck 2011/04/15 v1.7 Rerun checks for auxiliary files (HO)
Package uniquecounter Info: New unique counter `rerunfilecheck' on input line 2
82.
))
(/usr/local/texlive/2015/texmf-dist/tex/latex/beamer/beamerbaserequires.sty
Package: beamerbaserequires 2010/05/01  (rcs-revision efa082c6111d)

(/usr/local/texlive/2015/texmf-dist/tex/latex/beamer/beamerbasecompatibility.st
y
Package: beamerbasecompatibility 2012/05/01  (rcs-revision 67c48b3b652d)
) (/usr/local/texlive/2015/texmf-dist/tex/latex/beamer/beamerbasefont.sty
Package: beamerbasefont 2015/01/05  (rcs-revision b4b4bee242e2)

(/usr/local/texlive/2015/texmf-dist/tex/latex/amsfonts/amssymb.sty
Package: amssymb 2013/01/14 v3.01 AMS font symbols

(/usr/local/texlive/2015/texmf-dist/tex/latex/amsfonts/amsfonts.sty
Package: amsfonts 2013/01/14 v3.01 Basic AMSFonts support
\@emptytoks=\toks28
\symAMSa=\mathgroup4
\symAMSb=\mathgroup5
LaTeX Font Info:    Overwriting math alphabet `\mathfrak' in version `bold'
(Font)                  U/euf/m/n --> U/euf/b/n on input line 106.
))
(/usr/local/texlive/2015/texmf-dist/tex/latex/sansmathaccent/sansmathaccent.sty
Package: sansmathaccent 2013/03/28
(/usr/local/texlive/2015/texmf-dist/tex/latex/filehook/filehook.sty
Package: filehook 2011/10/12 v0.5d Hooks for input files
)))
(/usr/local/texlive/2015/texmf-dist/tex/latex/beamer/beamerbasetranslator.sty
Package: beamerbasetranslator 2010/06/11  (rcs-revision 85fd1cc7fc42)

(/usr/local/texlive/2015/texmf-dist/tex/latex/beamer/translator/translator.sty
Package: translator 2010/06/12 ver 1.10

(/usr/local/texlive/2015/texmf-dist/tex/latex/beamer/translator/translator-lang
uage-mappings.tex)))
(/usr/local/texlive/2015/texmf-dist/tex/latex/beamer/beamerbasemisc.sty
Package: beamerbasemisc 2013/09/03  (rcs-revision a55719c41d85)
)
(/usr/local/texlive/2015/texmf-dist/tex/latex/beamer/beamerbasetwoscreens.sty
Package: beamerbasetwoscreens 2010/05/01  (rcs-revision efa082c6111d)
)
(/usr/local/texlive/2015/texmf-dist/tex/latex/beamer/beamerbaseoverlay.sty
Package: beamerbaseoverlay 2013/12/25  (rcs-revision f6bd5e3805da)
\beamer@argscount=\count127
\beamer@lastskipcover=\skip47
\beamer@trivlistdepth=\count128
)
(/usr/local/texlive/2015/texmf-dist/tex/latex/beamer/beamerbasetitle.sty
Package: beamerbasetitle 2010/09/21  (rcs-revision f0446ed0b6ae)
)
(/usr/local/texlive/2015/texmf-dist/tex/latex/beamer/beamerbasesection.sty
Package: beamerbasesection 2013/06/07  (rcs-revision 60b9fe0f342f)
\c@lecture=\count129
\c@part=\count130
\c@section=\count131
\c@subsection=\count132
\c@subsubsection=\count133
)
(/usr/local/texlive/2015/texmf-dist/tex/latex/beamer/beamerbaseframe.sty
Package: beamerbaseframe 2014/02/20  (rcs-revision 4b8ceeeff434)
\beamer@framebox=\box40
\beamer@frametitlebox=\box41
\beamer@zoombox=\box42
\beamer@zoomcount=\count134
\beamer@zoomframecount=\count135
\beamer@frametextheight=\dimen170
\c@subsectionslide=\count136
\beamer@frametopskip=\skip48
\beamer@framebottomskip=\skip49
\beamer@frametopskipautobreak=\skip50
\beamer@framebottomskipautobreak=\skip51
\beamer@envbody=\toks29
\framewidth=\dimen171
\c@framenumber=\count137
)
(/usr/local/texlive/2015/texmf-dist/tex/latex/beamer/beamerbaseverbatim.sty
Package: beamerbaseverbatim 2015/01/05  (rcs-revision 431510bb5890)
\beamer@verbatimfileout=\write4
)
(/usr/local/texlive/2015/texmf-dist/tex/latex/beamer/beamerbaseframesize.sty
Package: beamerbaseframesize 2011/09/12  (rcs-revision 70f9d8411e54)
\beamer@splitbox=\box43
\beamer@autobreakcount=\count138
\beamer@autobreaklastheight=\dimen172
\beamer@frametitletoks=\toks30
\beamer@framesubtitletoks=\toks31
)
(/usr/local/texlive/2015/texmf-dist/tex/latex/beamer/beamerbaseframecomponents.
sty
Package: beamerbaseframecomponents 2013/10/18  (rcs-revision 5cf6c5555a45)
\beamer@footins=\box44
) (/usr/local/texlive/2015/texmf-dist/tex/latex/beamer/beamerbasecolor.sty
Package: beamerbasecolor 2015/02/21  (rcs-revision d944b04ee2d5)
)
(/usr/local/texlive/2015/texmf-dist/tex/latex/beamer/beamerbasenotes.sty
Package: beamerbasenotes 2012/12/19  (rcs-revision 1686da3db3c9)
\beamer@frameboxcopy=\box45
)
(/usr/local/texlive/2015/texmf-dist/tex/latex/beamer/beamerbasetoc.sty
Package: beamerbasetoc 2015/03/08  (rcs-revision 7270298bbaae)
)
(/usr/local/texlive/2015/texmf-dist/tex/latex/beamer/beamerbasetemplates.sty
Package: beamerbasetemplates 2010/05/01  (rcs-revision efa082c6111d)
\beamer@sbttoks=\toks32

(/usr/local/texlive/2015/texmf-dist/tex/latex/beamer/beamerbaseauxtemplates.sty
Package: beamerbaseauxtemplates 2014/06/30  (rcs-revision 580088513a67)
(/usr/local/texlive/2015/texmf-dist/tex/latex/beamer/beamerbaseboxes.sty
Package: beamerbaseboxes 2012/05/13  (rcs-revision 56972908a390)
\bmb@box=\box46
\bmb@colorbox=\box47
\bmb@boxshadow=\box48
\bmb@boxshadowball=\box49
\bmb@boxshadowballlarge=\box50
\bmb@temp=\dimen173
\bmb@dima=\dimen174
\bmb@dimb=\dimen175
\bmb@prevheight=\dimen176
)
\beamer@blockheadheight=\dimen177
))
(/usr/local/texlive/2015/texmf-dist/tex/latex/beamer/beamerbaselocalstructure.s
ty
Package: beamerbaselocalstructure 2014/09/10  (rcs-revision 393f6dcff371)
 (/usr/local/texlive/2015/texmf-dist/tex/latex/tools/enumerate.sty
Package: enumerate 2014/10/28 v3.00 enumerate extensions (DPC)
\@enLab=\toks33
)
\c@figure=\count139
\c@table=\count140
\abovecaptionskip=\skip52
\belowcaptionskip=\skip53
)
(/usr/local/texlive/2015/texmf-dist/tex/latex/beamer/beamerbasenavigation.sty
Package: beamerbasenavigation 2015/02/27  (rcs-revision 923f4bf87efa)
\beamer@section@min@dim=\dimen178
)
(/usr/local/texlive/2015/texmf-dist/tex/latex/beamer/beamerbasetheorems.sty
Package: beamerbasetheorems 2010/06/06  (rcs-revision 7e7cc5e53e9d)

(/usr/local/texlive/2015/texmf-dist/tex/latex/amsmath/amsmath.sty
Package: amsmath 2013/01/14 v2.14 AMS math features
\@mathmargin=\skip54

For additional information on amsmath, use the `?' option.
(/usr/local/texlive/2015/texmf-dist/tex/latex/amsmath/amstext.sty
Package: amstext 2000/06/29 v2.01

(/usr/local/texlive/2015/texmf-dist/tex/latex/amsmath/amsgen.sty
File: amsgen.sty 1999/11/30 v2.0
\@emptytoks=\toks34
\ex@=\dimen179
))
(/usr/local/texlive/2015/texmf-dist/tex/latex/amsmath/amsbsy.sty
Package: amsbsy 1999/11/29 v1.2d
\pmbraise@=\dimen180
)
(/usr/local/texlive/2015/texmf-dist/tex/latex/amsmath/amsopn.sty
Package: amsopn 1999/12/14 v2.01 operator names
)
\inf@bad=\count141
LaTeX Info: Redefining \frac on input line 210.
\uproot@=\count142
\leftroot@=\count143
LaTeX Info: Redefining \overline on input line 306.
\classnum@=\count144
\DOTSCASE@=\count145
LaTeX Info: Redefining \ldots on input line 378.
LaTeX Info: Redefining \dots on input line 381.
LaTeX Info: Redefining \cdots on input line 466.
\Mathstrutbox@=\box51
\strutbox@=\box52
\big@size=\dimen181
LaTeX Font Info:    Redeclaring font encoding OML on input line 566.
LaTeX Font Info:    Redeclaring font encoding OMS on input line 567.
\macc@depth=\count146
\c@MaxMatrixCols=\count147
\dotsspace@=\muskip11
\c@parentequation=\count148
\dspbrk@lvl=\count149
\tag@help=\toks35
\row@=\count150
\column@=\count151
\maxfields@=\count152
\andhelp@=\toks36
\eqnshift@=\dimen182
\alignsep@=\dimen183
\tagshift@=\dimen184
\tagwidth@=\dimen185
\totwidth@=\dimen186
\lineht@=\dimen187
\@envbody=\toks37
\multlinegap=\skip55
\multlinetaggap=\skip56
\mathdisplay@stack=\toks38
LaTeX Info: Redefining \[ on input line 2665.
LaTeX Info: Redefining \] on input line 2666.
)
(/usr/local/texlive/2015/texmf-dist/tex/latex/amscls/amsthm.sty
Package: amsthm 2015/03/04 v2.20.2
\thm@style=\toks39
\thm@bodyfont=\toks40
\thm@headfont=\toks41
\thm@notefont=\toks42
\thm@headpunct=\toks43
\thm@preskip=\skip57
\thm@postskip=\skip58
\thm@headsep=\skip59
\dth@everypar=\toks44
)
\c@theorem=\count153
)
(/usr/local/texlive/2015/texmf-dist/tex/latex/beamer/beamerbasethemes.sty
Package: beamerbasethemes 2010/05/01  (rcs-revision efa082c6111d)
))
(/usr/local/texlive/2015/texmf-dist/tex/latex/beamer/themes/theme/beamerthemede
fault.sty
Package: beamerthemedefault 2010/06/17  (rcs-revision d02a7cf4d8ae)

(/usr/local/texlive/2015/texmf-dist/tex/latex/beamer/themes/font/beamerfontthem
edefault.sty
Package: beamerfontthemedefault 2012/12/19  (rcs-revision 1686da3db3c9)
)
(/usr/local/texlive/2015/texmf-dist/tex/latex/beamer/themes/color/beamercolorth
emedefault.sty
Package: beamercolorthemedefault 2012/12/19  (rcs-revision 1686da3db3c9)
)
(/usr/local/texlive/2015/texmf-dist/tex/latex/beamer/themes/inner/beamerinnerth
emedefault.sty
Package: beamerinnerthemedefault 2014/06/30  (rcs-revision 580088513a67)
\beamer@dima=\dimen188
\beamer@dimb=\dimen189
)
(/usr/local/texlive/2015/texmf-dist/tex/latex/beamer/themes/outer/beamerouterth
emedefault.sty
Package: beamerouterthemedefault 2012/12/19  (rcs-revision 1686da3db3c9)
)))
(/usr/local/texlive/2015/texmf-dist/tex/latex/beamer/themes/color/beamercolorth
emedolphin.sty
Package: beamercolorthemedolphin 2010/06/17  (rcs-revision d02a7cf4d8ae)
)
(/usr/local/texlive/2015/texmf-dist/tex/latex/beamer/themes/inner/beamerinnerth
emerectangles.sty
Package: beamerinnerthemerectangles 2010/06/17  (rcs-revision d02a7cf4d8ae)
)
(/usr/local/texlive/2015/texmf-dist/tex/generic/ulem/ulem.sty
\UL@box=\box53
\UL@hyphenbox=\box54
\UL@skip=\skip60
\UL@hook=\toks45
\UL@height=\dimen190
\UL@pe=\count154
\UL@pixel=\dimen191
\ULC@box=\box55
Package: ulem 2012/05/18
\ULdepth=\dimen192
)
LaTeX Info: Redefining \em on input line 18.

(/usr/local/texlive/2015/texmf-dist/tex/latex/overpic/overpic.sty
Package: overpic 2010/09/13 v0.53  Overwriting graphics

Package: overpic v0.53 <2010/09/13> (RN)
(/usr/local/texlive/2015/texmf-dist/tex/latex/eepic/epic.sty
Enhancements to Picture Environment. Version 1.2 - Released June 1, 1986
\@@multicnt=\count155
\d@lta=\count156
\@delta=\dimen193
\@@delta=\dimen194
\@gridcnt=\count157
\@joinkind=\count158
\@dotgap=\dimen195
\@ddotgap=\dimen196
\@x@diff=\count159
\@y@diff=\count160
\x@diff=\dimen197
\y@diff=\dimen198
\@dotbox=\box56
\num@segments=\count161
\num@segmentsi=\count162
\@datafile=\read2
)
overpic: relative positioning in percent
) (/usr/local/texlive/2015/texmf-dist/tex/latex/pgf/frontendlayer/tikz.sty
(/usr/local/texlive/2015/texmf-dist/tex/latex/pgf/basiclayer/pgf.sty
Package: pgf 2013/12/18 v3.0.0 (rcs-revision 1.14)

(/usr/local/texlive/2015/texmf-dist/tex/generic/pgf/modules/pgfmoduleshapes.cod
e.tex
File: pgfmoduleshapes.code.tex 2013/10/31  (rcs-revision 1.34)
\pgfnodeparttextbox=\box57
)
(/usr/local/texlive/2015/texmf-dist/tex/generic/pgf/modules/pgfmoduleplot.code.
tex
File: pgfmoduleplot.code.tex 2013/07/31  (rcs-revision 1.12)
)
(/usr/local/texlive/2015/texmf-dist/tex/latex/pgf/compatibility/pgfcomp-version
-0-65.sty
Package: pgfcomp-version-0-65 2007/07/03 v3.0.0 (rcs-revision 1.7)
\pgf@nodesepstart=\dimen199
\pgf@nodesepend=\dimen200
)
(/usr/local/texlive/2015/texmf-dist/tex/latex/pgf/compatibility/pgfcomp-version
-1-18.sty
Package: pgfcomp-version-1-18 2007/07/23 v3.0.0 (rcs-revision 1.1)
))
(/usr/local/texlive/2015/texmf-dist/tex/latex/pgf/utilities/pgffor.sty
(/usr/local/texlive/2015/texmf-dist/tex/latex/pgf/utilities/pgfkeys.sty
(/usr/local/texlive/2015/texmf-dist/tex/generic/pgf/utilities/pgfkeys.code.tex)
) (/usr/local/texlive/2015/texmf-dist/tex/latex/pgf/math/pgfmath.sty
(/usr/local/texlive/2015/texmf-dist/tex/generic/pgf/math/pgfmath.code.tex))
(/usr/local/texlive/2015/texmf-dist/tex/generic/pgf/utilities/pgffor.code.tex
Package: pgffor 2013/12/13 v3.0.0 (rcs-revision 1.25)

(/usr/local/texlive/2015/texmf-dist/tex/generic/pgf/math/pgfmath.code.tex)
\pgffor@iter=\dimen201
\pgffor@skip=\dimen202
\pgffor@stack=\toks46
\pgffor@toks=\toks47
))
(/usr/local/texlive/2015/texmf-dist/tex/generic/pgf/frontendlayer/tikz/tikz.cod
e.tex
Package: tikz 2013/12/13 v3.0.0 (rcs-revision 1.142)

(/usr/local/texlive/2015/texmf-dist/tex/generic/pgf/libraries/pgflibraryplothan
dlers.code.tex
File: pgflibraryplothandlers.code.tex 2013/08/31 v3.0.0 (rcs-revision 1.20)
\pgf@plot@mark@count=\count163
\pgfplotmarksize=\dimen203
)
\tikz@lastx=\dimen204
\tikz@lasty=\dimen205
\tikz@lastxsaved=\dimen206
\tikz@lastysaved=\dimen207
\tikzleveldistance=\dimen208
\tikzsiblingdistance=\dimen209
\tikz@figbox=\box58
\tikz@figbox@bg=\box59
\tikz@tempbox=\box60
\tikz@tempbox@bg=\box61
\tikztreelevel=\count164
\tikznumberofchildren=\count165
\tikznumberofcurrentchild=\count166
\tikz@fig@count=\count167

(/usr/local/texlive/2015/texmf-dist/tex/generic/pgf/modules/pgfmodulematrix.cod
e.tex
File: pgfmodulematrix.code.tex 2013/09/17  (rcs-revision 1.8)
\pgfmatrixcurrentrow=\count168
\pgfmatrixcurrentcolumn=\count169
\pgf@matrix@numberofcolumns=\count170
)
\tikz@expandcount=\count171

(/usr/local/texlive/2015/texmf-dist/tex/generic/pgf/frontendlayer/tikz/librarie
s/tikzlibrarytopaths.code.tex
File: tikzlibrarytopaths.code.tex 2008/06/17 v3.0.0 (rcs-revision 1.2)
)))
(/usr/local/texlive/2015/texmf-dist/tex/latex/pgfplots/pgfplots.sty
(/usr/local/texlive/2015/texmf-dist/tex/generic/pgfplots/pgfplots.revision.tex)
Package: pgfplots 2015/05/02 v1.12.1 Data Visualization (1.12.1)
(/usr/local/texlive/2015/texmf-dist/tex/generic/pgfplots/pgfplots.code.tex
(/usr/local/texlive/2015/texmf-dist/tex/generic/pgfplots/pgfplotscore.code.tex
\t@pgfplots@toka=\toks48
\t@pgfplots@tokb=\toks49
\t@pgfplots@tokc=\toks50
\pgfplots@tmpa=\dimen210
\c@pgfplots@coordindex=\count172
\c@pgfplots@scanlineindex=\count173

(/usr/local/texlive/2015/texmf-dist/tex/generic/pgfplots/sys/pgfplotssysgeneric
.code.tex))
(/usr/local/texlive/2015/texmf-dist/tex/generic/pgfplots/libs/pgfplotslibrary.c
ode.tex)
(/usr/local/texlive/2015/texmf-dist/tex/generic/pgfplots/oldpgfcompatib/pgfplot
soldpgfsupp_loader.code.tex
(/usr/local/texlive/2015/texmf-dist/tex/generic/pgf/libraries/pgflibraryfpu.cod
e.tex)
Package pgfplots: loading complementary arithmetics for your pgf version...

(/usr/local/texlive/2015/texmf-dist/tex/generic/pgfplots/oldpgfcompatib/pgfplot
soldpgfsupp_pgflibraryfpu.code.tex)
(/usr/local/texlive/2015/texmf-dist/tex/generic/pgfplots/oldpgfcompatib/pgfplot
soldpgfsupp_pgfmathfloat.code.tex
\c@pgfmathroundto@lastzeros=\count174
)
(/usr/local/texlive/2015/texmf-dist/tex/generic/pgfplots/oldpgfcompatib/pgfplot
soldpgfsupp_trig_format.code.tex))
(/usr/local/texlive/2015/texmf-dist/tex/generic/pgfplots/util/pgfplotsutil.code
.tex
(/usr/local/texlive/2015/texmf-dist/tex/generic/pgfplots/liststructure/pgfplots
liststructure.code.tex)
(/usr/local/texlive/2015/texmf-dist/tex/generic/pgfplots/liststructure/pgfplots
liststructureext.code.tex)
(/usr/local/texlive/2015/texmf-dist/tex/generic/pgfplots/liststructure/pgfplots
array.code.tex
\c@pgfplotsarray@tmp=\count175
)
(/usr/local/texlive/2015/texmf-dist/tex/generic/pgfplots/liststructure/pgfplots
matrix.code.tex)
(/usr/local/texlive/2015/texmf-dist/tex/generic/pgfplots/numtable/pgfplotstable
shared.code.tex
\c@pgfplotstable@counta=\count176
\t@pgfplotstable@a=\toks51
)
(/usr/local/texlive/2015/texmf-dist/tex/generic/pgfplots/liststructure/pgfplots
deque.code.tex)
(/usr/local/texlive/2015/texmf-dist/tex/generic/pgfplots/util/pgfplotsbinary.co
de.tex
(/usr/local/texlive/2015/texmf-dist/tex/generic/pgfplots/util/pgfplotsbinary.da
ta.code.tex))
(/usr/local/texlive/2015/texmf-dist/tex/generic/pgfplots/util/pgfplotsutil.verb
.code.tex)
(/usr/local/texlive/2015/texmf-dist/tex/generic/pgfplots/libs/pgflibrarypgfplot
s.surfshading.code.tex
\c@pgfplotslibrarysurf@no=\count177

(/usr/local/texlive/2015/texmf-dist/tex/generic/pgfplots/sys/pgflibrarypgfplots
.surfshading.pgfsys-pdftex.def)))
(/usr/local/texlive/2015/texmf-dist/tex/generic/pgfplots/util/pgfplotscolormap.
code.tex
(/usr/local/texlive/2015/texmf-dist/tex/generic/pgfplots/util/pgfplotscolor.cod
e.tex))
(/usr/local/texlive/2015/texmf-dist/tex/generic/pgfplots/pgfplotsstackedplots.c
ode.tex)
(/usr/local/texlive/2015/texmf-dist/tex/generic/pgfplots/pgfplotsplothandlers.c
ode.tex
(/usr/local/texlive/2015/texmf-dist/tex/generic/pgfplots/pgfplotsmeshplothandle
r.code.tex))
(/usr/local/texlive/2015/texmf-dist/tex/generic/pgfplots/pgfplots.scaling.code.
tex)
(/usr/local/texlive/2015/texmf-dist/tex/generic/pgfplots/pgfplotscoordprocessin
g.code.tex)
(/usr/local/texlive/2015/texmf-dist/tex/generic/pgfplots/pgfplots.errorbars.cod
e.tex)
(/usr/local/texlive/2015/texmf-dist/tex/generic/pgfplots/pgfplots.markers.code.
tex)
(/usr/local/texlive/2015/texmf-dist/tex/generic/pgfplots/pgfplotsticks.code.tex
)
(/usr/local/texlive/2015/texmf-dist/tex/generic/pgfplots/pgfplots.paths.code.te
x)
(/usr/local/texlive/2015/texmf-dist/tex/generic/pgf/frontendlayer/tikz/librarie
s/tikzlibrarydecorations.code.tex
(/usr/local/texlive/2015/texmf-dist/tex/generic/pgf/modules/pgfmoduledecoration
s.code.tex
\pgfdecoratedcompleteddistance=\dimen211
\pgfdecoratedremainingdistance=\dimen212
\pgfdecoratedinputsegmentcompleteddistance=\dimen213
\pgfdecoratedinputsegmentremainingdistance=\dimen214
\pgf@decorate@distancetomove=\dimen215
\pgf@decorate@repeatstate=\count178
\pgfdecorationsegmentamplitude=\dimen216
\pgfdecorationsegmentlength=\dimen217
)
\tikz@lib@dec@box=\box62
)
(/usr/local/texlive/2015/texmf-dist/tex/generic/pgf/frontendlayer/tikz/librarie
s/tikzlibrarydecorations.pathmorphing.code.tex
(/usr/local/texlive/2015/texmf-dist/tex/generic/pgf/libraries/decorations/pgfli
brarydecorations.pathmorphing.code.tex))
(/usr/local/texlive/2015/texmf-dist/tex/generic/pgf/frontendlayer/tikz/librarie
s/tikzlibrarydecorations.pathreplacing.code.tex
(/usr/local/texlive/2015/texmf-dist/tex/generic/pgf/libraries/decorations/pgfli
brarydecorations.pathreplacing.code.tex))
\pgfplots@numplots=\count179
\pgfplots@xmin@reg=\dimen218
\pgfplots@xmax@reg=\dimen219
\pgfplots@ymin@reg=\dimen220
\pgfplots@ymax@reg=\dimen221
\pgfplots@zmin@reg=\dimen222
\pgfplots@zmax@reg=\dimen223
)
(/usr/local/texlive/2015/texmf-dist/tex/generic/pgf/frontendlayer/tikz/librarie
s/tikzlibraryplotmarks.code.tex
File: tikzlibraryplotmarks.code.tex 2008/01/09 v3.0.0 (rcs-revision 1.1)

(/usr/local/texlive/2015/texmf-dist/tex/generic/pgf/libraries/pgflibraryplotmar
ks.code.tex
File: pgflibraryplotmarks.code.tex 2013/07/20 v3.0.0 (rcs-revision 1.13)
)))
(/usr/local/texlive/2015/texmf-dist/tex/latex/pgfplots/pgfplotstable.sty
(/usr/local/texlive/2015/texmf-dist/tex/generic/pgfplots/pgfplots.revision.tex)
Package: pgfplotstable 2015/05/02 v1.12.1 Table typesetting and Pretty-printing
 (1.12.1)

(/usr/local/texlive/2015/texmf-dist/tex/generic/pgfplots/numtable/pgfplotstable
.code.tex
(/usr/local/texlive/2015/texmf-dist/tex/generic/pgfplots/numtable/pgfplotstable
.coltype.code.tex)))
(/usr/local/texlive/2015/texmf-dist/tex/generic/pgf/frontendlayer/tikz/librarie
s/tikzlibrarypositioning.code.tex
File: tikzlibrarypositioning.code.tex 2008/10/06 v3.0.0 (rcs-revision 1.7)
)
(/usr/local/texlive/2015/texmf-dist/tex/generic/pgf/frontendlayer/tikz/librarie
s/tikzlibraryarrows.code.tex
File: tikzlibraryarrows.code.tex 2008/01/09 v3.0.0 (rcs-revision 1.1)

(/usr/local/texlive/2015/texmf-dist/tex/generic/pgf/libraries/pgflibraryarrows.
code.tex
File: pgflibraryarrows.code.tex 2013/09/23 v3.0.0 (rcs-revision 1.16)
\arrowsize=\dimen224
))
(/usr/local/texlive/2015/texmf-dist/tex/latex/spath3/tikzlibraryknots.code.tex
(/usr/local/texlive/2015/texmf-dist/tex/latex/spath3/spath3.sty
(/usr/local/texlive/2015/texmf-dist/tex/latex/l3kernel/expl3.sty
Package: expl3 2015/03/01 v5547 L3 programming layer (loader) 

(/usr/local/texlive/2015/texmf-dist/tex/latex/l3kernel/expl3-code.tex
Package: expl3 2015/03/01 v5547 L3 programming layer (code) 
L3 Module: l3bootstrap 2015/02/28 v5542 L3 Bootstrap code
L3 Module: l3names 2015/02/24 v5535 L3 Namespace for primitives
L3 Module: l3basics 2015/01/27 v5500 L3 Basic definitions
L3 Module: l3expan 2014/11/27 v5472 L3 Argument expansion
L3 Module: l3tl 2015/01/27 v5500 L3 Token lists
L3 Module: l3str 2015/03/01 v5545 L3 Strings
L3 Module: l3seq 2014/08/23 v5354 L3 Sequences and stacks
L3 Module: l3int 2015/02/21 v5529 L3 Integers
\c_max_int=\count180
\l_tmpa_int=\count181
\l_tmpb_int=\count182
\g_tmpa_int=\count183
\g_tmpb_int=\count184
L3 Module: l3quark 2014/08/23 v5354 L3 Quarks
L3 Module: l3prg 2014/08/23 v5354 L3 Control structures
\g__prg_map_int=\count185
L3 Module: l3clist 2014/08/23 v5354 L3 Comma separated lists
L3 Module: l3token 2014/09/15 v5422 L3 Experimental token manipulation
L3 Module: l3prop 2014/08/23 v5354 L3 Property lists
L3 Module: l3msg 2015/02/26 v5537 L3 Messages
L3 Module: l3file 2014/08/24 v5369 L3 File and I/O operations
\l_iow_line_count_int=\count186
\l__iow_target_count_int=\count187
\l__iow_current_line_int=\count188
\l__iow_current_word_int=\count189
\l__iow_current_indentation_int=\count190
L3 Module: l3skip 2014/08/23 v5354 L3 Dimensions and skips
\c_zero_dim=\dimen225
\c_max_dim=\dimen226
\l_tmpa_dim=\dimen227
\l_tmpb_dim=\dimen228
\g_tmpa_dim=\dimen229
\g_tmpb_dim=\dimen230
\c_zero_skip=\skip61
\c_max_skip=\skip62
\l_tmpa_skip=\skip63
\l_tmpb_skip=\skip64
\g_tmpa_skip=\skip65
\g_tmpb_skip=\skip66
\c_zero_muskip=\muskip12
\c_max_muskip=\muskip13
\l_tmpa_muskip=\muskip14
\l_tmpb_muskip=\muskip15
\g_tmpa_muskip=\muskip16
\g_tmpb_muskip=\muskip17
L3 Module: l3keys 2015/01/27 v5500 L3 Key-value interfaces
\g__keyval_level_int=\count191
\l_keys_choice_int=\count192
L3 Module: l3fp 2014/08/22 v5336 L3 Floating points
\c__fp_leading_shift_int=\count193
\c__fp_middle_shift_int=\count194
\c__fp_trailing_shift_int=\count195
\c__fp_big_leading_shift_int=\count196
\c__fp_big_middle_shift_int=\count197
\c__fp_big_trailing_shift_int=\count198
\c__fp_Bigg_leading_shift_int=\count199
\c__fp_Bigg_middle_shift_int=\count200
\c__fp_Bigg_trailing_shift_int=\count201
L3 Module: l3box 2014/08/23 v5354 L3 Experimental boxes
\c_empty_box=\box63
\l_tmpa_box=\box64
\l_tmpb_box=\box65
\g_tmpa_box=\box66
\g_tmpb_box=\box67
L3 Module: l3coffins 2014/08/23 v5354 L3 Coffin code layer
\l__coffin_internal_box=\box68
\l__coffin_internal_dim=\dimen231
\l__coffin_offset_x_dim=\dimen232
\l__coffin_offset_y_dim=\dimen233
\l__coffin_x_dim=\dimen256
\l__coffin_y_dim=\dimen257
\l__coffin_x_prime_dim=\dimen258
\l__coffin_y_prime_dim=\dimen259
\c_empty_coffin=\box69
\l__coffin_aligned_coffin=\box70
\l__coffin_aligned_internal_coffin=\box71
\l_tmpa_coffin=\box72
\l_tmpb_coffin=\box73
\l__coffin_display_coffin=\box74
\l__coffin_display_coord_coffin=\box75
\l__coffin_display_pole_coffin=\box76
\l__coffin_display_offset_dim=\dimen260
\l__coffin_display_x_dim=\dimen261
\l__coffin_display_y_dim=\dimen262
L3 Module: l3color 2014/08/23 v5354 L3 Experimental color support
L3 Module: l3candidates 2015/03/01 v5544 L3 Experimental additions to l3kernel
\l__box_top_dim=\dimen263
\l__box_bottom_dim=\dimen264
\l__box_left_dim=\dimen265
\l__box_right_dim=\dimen266
\l__box_top_new_dim=\dimen267
\l__box_bottom_new_dim=\dimen268
\l__box_left_new_dim=\dimen269
\l__box_right_new_dim=\dimen270
\l__box_internal_box=\box77
\l__coffin_bounding_shift_dim=\dimen271
\l__coffin_left_corner_dim=\dimen272
\l__coffin_right_corner_dim=\dimen273
\l__coffin_bottom_corner_dim=\dimen274
\l__coffin_top_corner_dim=\dimen275
\l__coffin_scaled_total_height_dim=\dimen276
\l__coffin_scaled_width_dim=\dimen277
)
(/usr/local/texlive/2015/texmf-dist/tex/latex/l3kernel/l3unicode-data.def
File: l3unicode-data.def 2015/03/01 v5544 L3 Unicode data
)
(/usr/local/texlive/2015/texmf-dist/tex/latex/l3kernel/l3pdfmode.def
File: l3pdfmode.def 2015/03/01 v5544 L3 Experimental driver: PDF mode
\l__driver_color_stack_int=\count202
))
Package: spath3 2013/04/09 v1.0 Functions for manipulating PGF soft paths

(/usr/local/texlive/2015/texmf-dist/tex/latex/l3packages/xparse/xparse.sty
Package: xparse 2014/11/25 v5471 L3 Experimental document command parser
\l__xparse_current_arg_int=\count203
\l__xparse_m_args_int=\count204
\l__xparse_mandatory_args_int=\count205
\l__xparse_processor_int=\count206
\l__xparse_v_nesting_int=\count207
)
\l__spath_tmpa_dim=\dimen278
\l__spath_tmpb_dim=\dimen279
\l__spath_tmpa_int=\count208
\l__spath_l_int=\count209
\l__spath_rl_int=\count210
\l__spath_nc_int=\count211
\l__spath_minx_dim=\dimen280
\l__spath_miny_dim=\dimen281
\l__spath_maxx_dim=\dimen282
\l__spath_maxy_dim=\dimen283
.................................................
. LaTeX info: "xparse/define-command"
. 
. Defining command \MakeSPath with sig. 'mm' on line 1196.
.................................................
.................................................
. LaTeX info: "xparse/define-command"
. 
. Defining command \MakeSPathList with sig. 'mm' on line 1207.
.................................................
.................................................
. LaTeX info: "xparse/define-command"
. 
. Defining command \CloneSPath with sig. 'mm' on line 1211.
.................................................
.................................................
. LaTeX info: "xparse/define-command"
. 
. Defining command \SPathInfo with sig. 'mm' on line 1215.
.................................................
.................................................
. LaTeX info: "xparse/define-command"
. 
. Defining command \SPathPrepare with sig. 'm' on line 1219.
.................................................
.................................................
. LaTeX info: "xparse/define-command"
. 
. Defining command \SPathListPrepare with sig. 'm' on line 1226.
.................................................
.................................................
. LaTeX info: "xparse/define-command"
. 
. Defining command \SPathInfoInto with sig. 'mmm' on line 1231.
.................................................
.................................................
. LaTeX info: "xparse/define-command"
. 
. Defining command \SPathShow with sig. 'mm' on line 1235.
.................................................
.................................................
. LaTeX info: "xparse/define-command"
. 
. Defining command \SPathTranslate with sig. 'mmm' on line 1239.
.................................................
.................................................
. LaTeX info: "xparse/define-command"
. 
. Defining command \SPathTranslateInto with sig. 'mmmm' on line 1244.
.................................................
.................................................
. LaTeX info: "xparse/define-command"
. 
. Defining command \SPathScale with sig. 'mmm' on line 1248.
.................................................
.................................................
. LaTeX info: "xparse/define-command"
. 
. Defining command \SPathScaleInto with sig. 'mmmm' on line 1253.
.................................................
.................................................
. LaTeX info: "xparse/define-command"
. 
. Defining command \SPathWeld with sig. 'mm' on line 1257.
.................................................
.................................................
. LaTeX info: "xparse/define-command"
. 
. Defining command \SPathWeldInto with sig. 'mmm' on line 1262.
.................................................
)
(/usr/local/texlive/2015/texmf-dist/tex/generic/pgf/frontendlayer/tikz/librarie
s/tikzlibraryintersections.code.tex
(/usr/local/texlive/2015/texmf-dist/tex/generic/pgf/libraries/pgflibraryinterse
ctions.code.tex
\pgf@intersect@solutions=\count212
))
\l__knot_tmpa_int=\count213
\l__knot_strands_int=\count214
\l__knot_intersections_int=\count215
\l__knot_filaments_int=\count216
\l__knot_component_start_int=\count217
\l__knot_tmpa_dim=\dimen284
\l__knot_tmpb_dim=\dimen285
\l__knot_tmpc_dim=\dimen286
\l__knot_tolerance_dim=\dimen287
\l__knot_clip_radius_dim=\dimen288
.................................................
. LaTeX info: "xparse/define-command"
. 
. Defining command \flipcrossings with sig. 'm' on line 182.
.................................................
.................................................
. LaTeX info: "xparse/define-command"
. 
. Defining command \strand with sig. 'O{}' on line 189.
.................................................
.................................................
. LaTeX info: "xparse/define-environment"
. 
. Defining environment 'knot' with sig. 'O{}' on line 196.
.................................................
.................................................
. LaTeX info: "xparse/define-command"
. 
. Defining command \redraw with sig. 'mm' on line 645.
.................................................
)
(/usr/local/texlive/2015/texmf-dist/tex/generic/pgf/frontendlayer/tikz/librarie
s/tikzlibrarycalc.code.tex
File: tikzlibrarycalc.code.tex 2013/07/15 v3.0.0 (rcs-revision 1.9)
)
(/usr/local/texlive/2015/texmf-dist/tex/generic/pgf/frontendlayer/tikz/librarie
s/tikzlibrarydecorations.markings.code.tex
(/usr/local/texlive/2015/texmf-dist/tex/generic/pgf/libraries/decorations/pgfli
brarydecorations.markings.code.tex)) (./pgflibrarypgfplots.colorbrewer.code.tex
(./tikzlibrarycolorbrewer.code.tex))

Package hyperref Warning: Token not allowed in a PDF string (PDFDocEncoding):
(hyperref)                removing `\\' on input line 155.


Package hyperref Warning: Token not allowed in a PDF string (PDFDocEncoding):
(hyperref)                removing `\\' on input line 155.

(./ams_athens_knotdiagrams.aux

LaTeX Warning: Label `tab:counts' multiply defined.

)
\openout1 = `ams_athens_knotdiagrams.aux'.

LaTeX Font Info:    Checking defaults for OML/cmm/m/it on input line 198.
LaTeX Font Info:    ... okay on input line 198.
LaTeX Font Info:    Checking defaults for T1/cmr/m/n on input line 198.
LaTeX Font Info:    ... okay on input line 198.
LaTeX Font Info:    Checking defaults for OT1/cmr/m/n on input line 198.
LaTeX Font Info:    ... okay on input line 198.
LaTeX Font Info:    Checking defaults for OMS/cmsy/m/n on input line 198.
LaTeX Font Info:    ... okay on input line 198.
LaTeX Font Info:    Checking defaults for OMX/cmex/m/n on input line 198.
LaTeX Font Info:    ... okay on input line 198.
LaTeX Font Info:    Checking defaults for U/cmr/m/n on input line 198.
LaTeX Font Info:    ... okay on input line 198.
LaTeX Font Info:    Checking defaults for PD1/pdf/m/n on input line 198.
LaTeX Font Info:    ... okay on input line 198.

*geometry* driver: auto-detecting
*geometry* detected driver: pdftex
*geometry* verbose mode - [ preamble ] result:
* driver: pdftex
* paper: custom
* layout: <same size as paper>
* layoutoffset:(h,v)=(0.0pt,0.0pt)
* modes: includehead includefoot 
* h-part:(L,W,R)=(28.45274pt, 307.28987pt, 28.45274pt)
* v-part:(T,H,B)=(0.0pt, 273.14662pt, 0.0pt)
* \paperwidth=364.19536pt
* \paperheight=273.14662pt
* \textwidth=307.28987pt
* \textheight=244.6939pt
* \oddsidemargin=-43.81725pt
* \evensidemargin=-43.81725pt
* \topmargin=-72.26999pt
* \headheight=14.22636pt
* \headsep=0.0pt
* \topskip=11.0pt
* \footskip=14.22636pt
* \marginparwidth=4.0pt
* \marginparsep=10.0pt
* \columnsep=10.0pt
* \skip\footins=10.0pt plus 4.0pt minus 2.0pt
* \hoffset=0.0pt
* \voffset=0.0pt
* \mag=1000
* \@twocolumnfalse
* \@twosidefalse
* \@mparswitchfalse
* \@reversemarginfalse
* (1in=72.27pt=25.4mm, 1cm=28.453pt)

(/usr/local/texlive/2015/texmf-dist/tex/context/base/supp-pdf.mkii
[Loading MPS to PDF converter (version 2006.09.02).]
\scratchcounter=\count218
\scratchdimen=\dimen289
\scratchbox=\box78
\nofMPsegments=\count219
\nofMParguments=\count220
\everyMPshowfont=\toks52
\MPscratchCnt=\count221
\MPscratchDim=\dimen290
\MPnumerator=\count222
\makeMPintoPDFobject=\count223
\everyMPtoPDFconversion=\toks53
) (/usr/local/texlive/2015/texmf-dist/tex/latex/oberdiek/epstopdf-base.sty
Package: epstopdf-base 2010/02/09 v2.5 Base part for package epstopdf

(/usr/local/texlive/2015/texmf-dist/tex/latex/oberdiek/grfext.sty
Package: grfext 2010/08/19 v1.1 Manage graphics extensions (HO)
)
Package grfext Info: Graphics extension search list:
(grfext)             [.png,.pdf,.jpg,.mps,.jpeg,.jbig2,.jb2,.PNG,.PDF,.JPG,.JPE
G,.JBIG2,.JB2,.eps]
(grfext)             \AppendGraphicsExtensions on input line 452.

(/usr/local/texlive/2015/texmf-dist/tex/latex/latexconfig/epstopdf-sys.cfg
File: epstopdf-sys.cfg 2010/07/13 v1.3 Configuration of (r)epstopdf for TeX Liv
e
))
ABD: EveryShipout initializing macros
\AtBeginShipoutBox=\box79
Package hyperref Info: Link coloring OFF on input line 198.

(/usr/local/texlive/2015/texmf-dist/tex/latex/hyperref/nameref.sty
Package: nameref 2012/10/27 v2.43 Cross-referencing by name of section

(/usr/local/texlive/2015/texmf-dist/tex/generic/oberdiek/gettitlestring.sty
Package: gettitlestring 2010/12/03 v1.4 Cleanup title references (HO)
)
\c@section@level=\count224
)
LaTeX Info: Redefining \ref on input line 198.
LaTeX Info: Redefining \pageref on input line 198.
LaTeX Info: Redefining \nameref on input line 198.

(./ams_athens_knotdiagrams.out) (./ams_athens_knotdiagrams.out)
\@outlinefile=\write5
\openout5 = `ams_athens_knotdiagrams.out'.

LaTeX Font Info:    Overwriting symbol font `operators' in version `normal'
(Font)                  OT1/cmr/m/n --> OT1/cmss/m/n on input line 198.
LaTeX Font Info:    Overwriting symbol font `operators' in version `bold'
(Font)                  OT1/cmr/bx/n --> OT1/cmss/bx/n on input line 198.
\symnumbers=\mathgroup6
\sympureletters=\mathgroup7
LaTeX Font Info:    Overwriting math alphabet `\mathrm' in version `normal'
(Font)                  OT1/cmss/m/n --> OT1/cmr/m/n on input line 198.
LaTeX Font Info:    Redeclaring math alphabet \mathbf on input line 198.
LaTeX Font Info:    Overwriting math alphabet `\mathbf' in version `normal'
(Font)                  OT1/cmr/bx/n --> OT1/cmss/bx/n on input line 198.
LaTeX Font Info:    Overwriting math alphabet `\mathbf' in version `bold'
(Font)                  OT1/cmr/bx/n --> OT1/cmss/bx/n on input line 198.
LaTeX Font Info:    Redeclaring math alphabet \mathsf on input line 198.
LaTeX Font Info:    Overwriting math alphabet `\mathsf' in version `normal'
(Font)                  OT1/cmss/m/n --> OT1/cmss/m/n on input line 198.
LaTeX Font Info:    Overwriting math alphabet `\mathsf' in version `bold'
(Font)                  OT1/cmss/bx/n --> OT1/cmss/m/n on input line 198.
LaTeX Font Info:    Redeclaring math alphabet \mathit on input line 198.
LaTeX Font Info:    Overwriting math alphabet `\mathit' in version `normal'
(Font)                  OT1/cmr/m/it --> OT1/cmss/m/it on input line 198.
LaTeX Font Info:    Overwriting math alphabet `\mathit' in version `bold'
(Font)                  OT1/cmr/bx/it --> OT1/cmss/m/it on input line 198.
LaTeX Font Info:    Redeclaring math alphabet \mathtt on input line 198.
LaTeX Font Info:    Overwriting math alphabet `\mathtt' in version `normal'
(Font)                  OT1/cmtt/m/n --> OT1/cmtt/m/n on input line 198.
LaTeX Font Info:    Overwriting math alphabet `\mathtt' in version `bold'
(Font)                  OT1/cmtt/m/n --> OT1/cmtt/m/n on input line 198.
LaTeX Font Info:    Overwriting symbol font `numbers' in version `bold'
(Font)                  OT1/cmss/m/n --> OT1/cmss/bx/n on input line 198.
LaTeX Font Info:    Overwriting symbol font `pureletters' in version `bold'
(Font)                  OT1/cmss/m/it --> OT1/cmss/bx/it on input line 198.
LaTeX Font Info:    Overwriting math alphabet `\mathrm' in version `bold'
(Font)                  OT1/cmss/bx/n --> OT1/cmr/bx/n on input line 198.
LaTeX Font Info:    Overwriting math alphabet `\mathbf' in version `bold'
(Font)                  OT1/cmss/bx/n --> OT1/cmss/bx/n on input line 198.
LaTeX Font Info:    Overwriting math alphabet `\mathsf' in version `bold'
(Font)                  OT1/cmss/m/n --> OT1/cmss/bx/n on input line 198.
LaTeX Font Info:    Overwriting math alphabet `\mathit' in version `bold'
(Font)                  OT1/cmss/m/it --> OT1/cmss/bx/it on input line 198.
LaTeX Font Info:    Overwriting math alphabet `\mathtt' in version `bold'
(Font)                  OT1/cmtt/m/n --> OT1/cmtt/bx/n on input line 198.
LaTeX Font Info:    Redeclaring symbol font `pureletters' on input line 198.
LaTeX Font Info:    Overwriting symbol font `pureletters' in version `normal'
(Font)                  OT1/cmss/m/it --> OT1/mathkerncmss/m/sl on input line 1
98.
LaTeX Font Info:    Overwriting symbol font `pureletters' in version `bold'
(Font)                  OT1/cmss/bx/it --> OT1/mathkerncmss/m/sl on input line 
198.
LaTeX Font Info:    Overwriting symbol font `pureletters' in version `bold'
(Font)                  OT1/mathkerncmss/m/sl --> OT1/mathkerncmss/bx/sl on inp
ut line 198.

(/usr/local/texlive/2015/texmf-dist/tex/latex/beamer/translator/dicts/translato
r-basic-dictionary/translator-basic-dictionary-English.dict
Dictionary: translator-basic-dictionary, Language: English 
)
(/usr/local/texlive/2015/texmf-dist/tex/latex/beamer/translator/dicts/translato
r-bibliography-dictionary/translator-bibliography-dictionary-English.dict
Dictionary: translator-bibliography-dictionary, Language: English 
)
(/usr/local/texlive/2015/texmf-dist/tex/latex/beamer/translator/dicts/translato
r-environment-dictionary/translator-environment-dictionary-English.dict
Dictionary: translator-environment-dictionary, Language: English 
)
(/usr/local/texlive/2015/texmf-dist/tex/latex/beamer/translator/dicts/translato
r-months-dictionary/translator-months-dictionary-English.dict
Dictionary: translator-months-dictionary, Language: English 
)
(/usr/local/texlive/2015/texmf-dist/tex/latex/beamer/translator/dicts/translato
r-numbers-dictionary/translator-numbers-dictionary-English.dict
Dictionary: translator-numbers-dictionary, Language: English 
)
(/usr/local/texlive/2015/texmf-dist/tex/latex/beamer/translator/dicts/translato
r-theorem-dictionary/translator-theorem-dictionary-English.dict
Dictionary: translator-theorem-dictionary, Language: English 
)
LaTeX Info: Redefining \includegraphics on input line 198.

Package pgfplots notification 'compat/show suggested version=true': document ha
s been generated with the most recent feature set (\pgfplotsset{compat=1.12}).

(./ams_athens_knotdiagrams.nav)

LaTeX Font Warning: Font shape `OT1/cmss/m/n' in size <4> not available
(Font)              size <5> substituted on input line 211.

[1

{/usr/local/texlive/2015/texmf-var/fonts/map/pdftex/updmap/pdftex.map}]
LaTeX Font Info:    Try loading font information for U+msa on input line 228.

(/usr/local/texlive/2015/texmf-dist/tex/latex/amsfonts/umsa.fd
File: umsa.fd 2013/01/14 v3.01 AMS symbols A
)
LaTeX Font Info:    Try loading font information for U+msb on input line 228.

(/usr/local/texlive/2015/texmf-dist/tex/latex/amsfonts/umsb.fd
File: umsb.fd 2013/01/14 v3.01 AMS symbols B
)
LaTeX Font Info:    Try loading font information for OT1+mathkerncmss on input 
line 228.

(/usr/local/texlive/2015/texmf-dist/tex/latex/sansmathaccent/ot1mathkerncmss.fd
File: ot1mathkerncmss.fd 2013/03/27 Fontinst v1.933 font definitions for OT1/ma
thkerncmss.
) <8x_tref.pdf, id=63, 79.93864pt x 80.42046pt>
File: 8x_tref.pdf Graphic file (type pdf)
 <use 8x_tref.pdf>
Package pdftex.def Info: 8x_tref.pdf used on input line 228.
(pdftex.def)             Requested size: 108.405pt x 109.05865pt.
 [2

 <./8x_tref.pdf>]
File: 8x_tref.pdf Graphic file (type pdf)
 <use 8x_tref.pdf>
Package pdftex.def Info: 8x_tref.pdf used on input line 228.
(pdftex.def)             Requested size: 108.405pt x 109.05865pt.
 [3

]
File: 8x_tref.pdf Graphic file (type pdf)
 <use 8x_tref.pdf>
Package pdftex.def Info: 8x_tref.pdf used on input line 244.
(pdftex.def)             Requested size: 108.405pt x 109.05865pt.

<8x_min_tref.pdf, id=119, 79.94292pt x 80.41957pt>
File: 8x_min_tref.pdf Graphic file (type pdf)
 <use 8x_min_tref.pdf>
Package pdftex.def Info: 8x_min_tref.pdf used on input line 244.
(pdftex.def)             Requested size: 108.405pt x 109.05748pt.

[4

 <./8x_min_tref.pdf>]
File: 8x_tref.pdf Graphic file (type pdf)
 <use 8x_tref.pdf>
Package pdftex.def Info: 8x_tref.pdf used on input line 244.
(pdftex.def)             Requested size: 108.405pt x 109.05865pt.
File: 8x_min_tref.pdf Graphic file (type pdf)
 <use 8x_min_tref.pdf>
Package pdftex.def Info: 8x_min_tref.pdf used on input line 244.
(pdftex.def)             Requested size: 108.405pt x 109.05748pt.
 [5

]
<8x_tref_loopy.pdf, id=174, 79.94292pt x 80.41957pt>
File: 8x_tref_loopy.pdf Graphic file (type pdf)
 <use 8x_tref_loopy.pdf>
Package pdftex.def Info: 8x_tref_loopy.pdf used on input line 261.
(pdftex.def)             Requested size: 108.405pt x 109.05748pt.

<8x_tref_deloopy.pdf, id=175, 79.94292pt x 80.41957pt>
File: 8x_tref_deloopy.pdf Graphic file (type pdf)

<use 8x_tref_deloopy.pdf>
Package pdftex.def Info: 8x_tref_deloopy.pdf used on input line 261.
(pdftex.def)             Requested size: 108.405pt x 109.05748pt.
 [6

 <./8x_tref_loopy.pdf> <./8x_tref_deloopy.pdf

pdfTeX warning: /Library/TeX/texbin/pdflatex (file ./8x_tref_deloopy.pdf): PDF 
inclusion: multiple pdfs with page group included in a single page
>]
File: 8x_tref_loopy.pdf Graphic file (type pdf)
 <use 8x_tref_loopy.pdf>
Package pdftex.def Info: 8x_tref_loopy.pdf used on input line 277.
(pdftex.def)             Requested size: 108.405pt x 109.05748pt.
File: 8x_tref_deloopy.pdf Graphic file (type pdf)
 <use 8x_tref_deloopy.pdf>
Package pdftex.def Info: 8x_tref_deloopy.pdf used on input line 277.
(pdftex.def)             Requested size: 108.405pt x 109.05748pt.
 [7

]
File: 8x_tref_loopy.pdf Graphic file (type pdf)

<use 8x_tref_loopy.pdf>
Package pdftex.def Info: 8x_tref_loopy.pdf used on input line 277.
(pdftex.def)             Requested size: 108.405pt x 109.05748pt.
File: 8x_tref_deloopy.pdf Graphic file (type pdf)
 <use 8x_tref_deloopy.pdf>
Package pdftex.def Info: 8x_tref_deloopy.pdf used on input line 277.
(pdftex.def)             Requested size: 108.405pt x 109.05748pt.
 [8

]
<tree_like_8x.pdf, id=257, 79.94292pt x 80.41957pt>
File: tree_like_8x.pdf Graphic file (type pdf)
 <use tree_like_8x.pdf>
Package pdftex.def Info: tree_like_8x.pdf used on input line 289.
(pdftex.def)             Requested size: 108.405pt x 109.05748pt.

[9

 <./tree_like_8x.pdf>]
File: tree_like_8x.pdf Graphic file (type pdf)
 <use tree_like_8x.pdf>
Package pdftex.def Info: tree_like_8x.pdf used on input line 289.
(pdftex.def)             Requested size: 108.405pt x 109.05748pt.
 [10

]
<dna.jpg, id=308, 86.03572pt x 92.19406pt>
File: dna.jpg Graphic file (type jpg)
 <use dna.jpg>
Package pdftex.def Info: dna.jpg used on input line 310.
(pdftex.def)             Requested size: 68.65627pt x 73.57385pt.

<space_polygon.jpg, id=309, 344.03531pt x 354.57469pt>
File: space_polygon.jpg Graphic file (type jpg)
 <use space_polygon.jpg>
Package pdftex.def Info: space_polygon.jpg used on input line 310.
(pdftex.def)             Requested size: 68.65627pt x 70.75677pt.

<knot_3d.jpg, id=310, 469.00218pt x 348.55219pt>
File: knot_3d.jpg Graphic file (type jpg)
 <use knot_3d.jpg>
Package pdftex.def Info: knot_3d.jpg used on input line 310.
(pdftex.def)             Requested size: 68.65627pt x 51.02008pt.
 [11

 <./dna.jpg> <./space_polygon.jpg> <./knot_3d.jpg>]
File: dna.jpg Graphic file (type jpg)
 <use dna.jpg>
Package pdftex.def Info: dna.jpg used on input line 347.
(pdftex.def)             Requested size: 68.65627pt x 73.57385pt.
File: space_polygon.jpg Graphic file (type jpg)

<use space_polygon.jpg>
Package pdftex.def Info: space_polygon.jpg used on input line 347.
(pdftex.def)             Requested size: 68.65627pt x 70.75677pt.
File: knot_3d.jpg Graphic file (type jpg)
 <use knot_3d.jpg>
Package pdftex.def Info: knot_3d.jpg used on input line 347.
(pdftex.def)             Requested size: 68.65627pt x 51.02008pt.
 [12

]
File: dna.jpg Graphic file (type jpg)
 <use dna.jpg>
Package pdftex.def Info: dna.jpg used on input line 446.
(pdftex.def)             Requested size: 68.65627pt x 73.57385pt.
File: space_polygon.jpg Graphic file (type jpg)

<use space_polygon.jpg>
Package pdftex.def Info: space_polygon.jpg used on input line 446.
(pdftex.def)             Requested size: 68.65627pt x 70.75677pt.
File: knot_3d.jpg Graphic file (type jpg)
 <use knot_3d.jpg>
Package pdftex.def Info: knot_3d.jpg used on input line 446.
(pdftex.def)             Requested size: 68.65627pt x 51.02008pt.
 [13

]
File: dna.jpg Graphic file (type jpg)
 <use dna.jpg>
Package pdftex.def Info: dna.jpg used on input line 517.
(pdftex.def)             Requested size: 68.65627pt x 73.57385pt.
File: space_polygon.jpg Graphic file (type jpg)

<use space_polygon.jpg>
Package pdftex.def Info: space_polygon.jpg used on input line 517.
(pdftex.def)             Requested size: 68.65627pt x 70.75677pt.
File: knot_3d.jpg Graphic file (type jpg)
 <use knot_3d.jpg>
Package pdftex.def Info: knot_3d.jpg used on input line 517.
(pdftex.def)             Requested size: 68.65627pt x 51.02008pt.
File: 8x_tref.pdf Graphic file (type pdf)
 <use 8x_tref.pdf>
Package pdftex.def Info: 8x_tref.pdf used on input line 517.
(pdftex.def)             Requested size: 68.65627pt x 69.07065pt.
 [14

]
File: 8x_tref.pdf Graphic file (type pdf)

<use 8x_tref.pdf>
Package pdftex.def Info: 8x_tref.pdf used on input line 534.
(pdftex.def)             Requested size: 86.72377pt x 87.24667pt.
File: 8x_tref_loopy.pdf Graphic file (type pdf)
 <use 8x_tref_loopy.pdf>
Package pdftex.def Info: 8x_tref_loopy.pdf used on input line 534.
(pdftex.def)             Requested size: 86.72377pt x 87.24573pt.
File: tree_like_8x.pdf Graphic file (type pdf)
 <use tree_like_8x.pdf>
Package pdftex.def Info: tree_like_8x.pdf used on input line 534.
(pdftex.def)             Requested size: 86.72377pt x 87.24573pt.
 [15

] [16

]
[17

] <pre_shadow_graph.pdf, id=494, 79.94292pt x 80.41957pt>
File: pre_shadow_graph.pdf Graphic file (type pdf)

<use pre_shadow_graph.pdf>
Package pdftex.def Info: pre_shadow_graph.pdf used on input line 593.
(pdftex.def)             Requested size: 57.81621pt x 58.16096pt.

<result_shadow.pdf, id=495, 79.94292pt x 80.41957pt>
File: result_shadow.pdf Graphic file (type pdf)
 <use result_shadow.pdf>
Package pdftex.def Info: result_shadow.pdf used on input line 593.
(pdftex.def)             Requested size: 57.81621pt x 58.16096pt.

<pre_shadow_quads.pdf, id=496, 79.94292pt x 123.78189pt>
File: pre_shadow_quads.pdf Graphic file (type pdf)

<use pre_shadow_quads.pdf>
Package pdftex.def Info: pre_shadow_quads.pdf used on input line 593.
(pdftex.def)             Requested size: 57.81621pt x 89.52141pt.
 [18

 <./pre_shadow_graph.pdf> <./result_shadow.pdf

pdfTeX warning: /Library/TeX/texbin/pdflatex (file ./result_shadow.pdf): PDF in
clusion: multiple pdfs with page group included in a single page
> <./pre_shadow_quads.pdf

pdfTeX warning: /Library/TeX/texbin/pdflatex (file ./pre_shadow_quads.pdf): PDF
 inclusion: multiple pdfs with page group included in a single page
>]
File: pre_shadow_graph.pdf Graphic file (type pdf)
 <use pre_shadow_graph.pdf>
Package pdftex.def Info: pre_shadow_graph.pdf used on input line 593.
(pdftex.def)             Requested size: 57.81621pt x 58.16096pt.
File: result_shadow.pdf Graphic file (type pdf)
 <use result_shadow.pdf>
Package pdftex.def Info: result_shadow.pdf used on input line 593.
(pdftex.def)             Requested size: 57.81621pt x 58.16096pt.
File: pre_shadow_quads.pdf Graphic file (type pdf)

<use pre_shadow_quads.pdf>
Package pdftex.def Info: pre_shadow_quads.pdf used on input line 593.
(pdftex.def)             Requested size: 57.81621pt x 89.52141pt.
 [19

]
File: pre_shadow_graph.pdf Graphic file (type pdf)
 <use pre_shadow_graph.pdf>
Package pdftex.def Info: pre_shadow_graph.pdf used on input line 593.
(pdftex.def)             Requested size: 57.81621pt x 58.16096pt.
File: result_shadow.pdf Graphic file (type pdf)

<use result_shadow.pdf>
Package pdftex.def Info: result_shadow.pdf used on input line 593.
(pdftex.def)             Requested size: 57.81621pt x 58.16096pt.
File: pre_shadow_quads.pdf Graphic file (type pdf)
 <use pre_shadow_quads.pdf>
Package pdftex.def Info: pre_shadow_quads.pdf used on input line 593.
(pdftex.def)             Requested size: 57.81621pt x 89.52141pt.
 [20

]
File: pre_shadow_graph.pdf Graphic file (type pdf)

<use pre_shadow_graph.pdf>
Package pdftex.def Info: pre_shadow_graph.pdf used on input line 593.
(pdftex.def)             Requested size: 57.81621pt x 58.16096pt.
File: result_shadow.pdf Graphic file (type pdf)
 <use result_shadow.pdf>
Package pdftex.def Info: result_shadow.pdf used on input line 593.
(pdftex.def)             Requested size: 57.81621pt x 58.16096pt.
File: pre_shadow_quads.pdf Graphic file (type pdf)
 <use pre_shadow_quads.pdf>
Package pdftex.def Info: pre_shadow_quads.pdf used on input line 593.
(pdftex.def)             Requested size: 57.81621pt x 89.52141pt.

[21

] <awslogo.png, id=604, 803.0pt x 302.12875pt>
File: awslogo.png Graphic file (type png)
 <use awslogo.png>
Package pdftex.def Info: awslogo.png used on input line 609.
(pdftex.def)             Requested size: 216.81pt x 81.57585pt.
 [22

 <./awslogo.png>] <aws_console.png, id=632, 1102.1175pt x 725.71124pt>
File: aws_console.png Graphic file (type png)

<use aws_console.png>
Package pdftex.def Info: aws_console.png used on input line 618.
(pdftex.def)             Requested size: 289.07999pt x 190.35255pt.
 [23

 <./aws_console.png>] [24

]
<s3_bucket.png, id=685, 956.57375pt x 330.23375pt>
File: s3_bucket.png Graphic file (type png)
 <use s3_bucket.png>
Package pdftex.def Info: s3_bucket.png used on input line 655.
(pdftex.def)             Requested size: 216.81pt x 74.84862pt.
 [25

 <./s3_bucket.png>] [26

] <aws_educate.png, id=738, 932.48375pt x 622.325pt>
File: aws_educate.png Graphic file (type png)

<use aws_educate.png>
Package pdftex.def Info: aws_educate.png used on input line 682.
(pdftex.def)             Requested size: 216.81pt x 144.68906pt.
 [27

 <./aws_educate.png>]
<arnold_table.png, id=765, 338.063pt x 97.966pt>
File: arnold_table.png Graphic file (type png)
 <use arnold_table.png>
Package pdftex.def Info: arnold_table.png used on input line 738.
(pdftex.def)             Requested size: 184.3758pt x 53.43152pt.

<oeis_shadows.png, id=766, 463.331pt x 146.949pt>
File: oeis_shadows.png Graphic file (type png)
 <use oeis_shadows.png>
Package pdftex.def Info: oeis_shadows.png used on input line 738.
(pdftex.def)             Requested size: 184.3758pt x 58.47585pt.

[28

 <./arnold_table.png> <./oeis_shadows.png>]
<knotgrid.pdf, id=796, 361.35pt x 250.9375pt>
File: knotgrid.pdf Graphic file (type pdf)
 <use knotgrid.pdf>
Package pdftex.def Info: knotgrid.pdf used on input line 745.
(pdftex.def)             Requested size: 289.07999pt x 200.75026pt.
 [29

 <./knotgrid.pdf>]
Overfull \hbox (17.58948pt too wide) in paragraph at lines 775--775
 [] 
 []

[30

]
Overfull \hbox (5.94814pt too wide) in paragraph at lines 806--806
 [] 
 []

[31

] <8_18_celtic.png, id=875, 510.90875pt x 510.90875pt>
File: 8_18_celtic.png Graphic file (type png)

<use 8_18_celtic.png>
Package pdftex.def Info: 8_18_celtic.png used on input line 822.
(pdftex.def)             Requested size: 61.45703pt x 61.45451pt.
 <9_40_symmetric.png, id=876, 638.385pt x 602.25pt>
File: 9_40_symmetric.png Graphic file (type png)

<use 9_40_symmetric.png>
Package pdftex.def Info: 9_40_symmetric.png used on input line 822.
(pdftex.def)             Requested size: 61.45703pt x 57.97707pt.
 <10_123.png, id=877, 240.9pt x 240.9pt>
File: 10_123.png Graphic file (type png)

<use 10_123.png>
Package pdftex.def Info: 10_123.png used on input line 822.
(pdftex.def)             Requested size: 61.45703pt x 61.45625pt.
 [32

 <./8_18_celtic.png> <./9_40_symmetric.png> <./10_123.png>]pdfTeX warning (ext4
): destination with the same identifier (name{tab:counts}) has been already use
d, duplicate ignored
<to be read again> 
                   \relax 
l.853 \end{frame}
                  [33

] [34

]
<../../figs/../figs/mean-automorphisms.pdf, id=959, 260.975pt x 186.6975pt>
File: ../../figs/../figs/mean-automorphisms.pdf Graphic file (type pdf)

<use ../../figs/../figs/mean-automorphisms.pdf>
Package pdftex.def Info: ../../figs/../figs/mean-automorphisms.pdf used on inpu
t line 872.
(pdftex.def)             Requested size: 289.07999pt x 206.8065pt.
 [35

 <../../figs/../figs/mean-automorphisms.pdf>] <combined_rank_graphic.pdf, id=98
8, 361.35pt x 225.84375pt>
File: combined_rank_graphic.pdf Graphic file (type pdf)

<use combined_rank_graphic.pdf>
Package pdftex.def Info: combined_rank_graphic.pdf used on input line 1028.
(pdftex.def)             Requested size: 289.07999pt x 180.67523pt.
 [36

 <./combined_rank_graphic.pdf>] [37

]
<proportion-connect-sums.pdf, id=1054, 361.35pt x 358.33875pt>
File: proportion-connect-sums.pdf Graphic file (type pdf)

<use proportion-connect-sums.pdf>
Package pdftex.def Info: proportion-connect-sums.pdf used on input line 1215.
(pdftex.def)             Requested size: 216.81pt x 215.0049pt.
 [38

 <./proportion-connect-sums.pdf>]
<../../figs/tree-like-8.pdf, id=1099, 361.35pt x 307.1475pt>
File: ../../figs/tree-like-8.pdf Graphic file (type pdf)

<use ../../figs/tree-like-8.pdf>
Package pdftex.def Info: ../../figs/tree-like-8.pdf used on input line 1229.
(pdftex.def)             Requested size: 144.54pt x 122.85681pt.
 [39

 <../../figs/tree-like-8.pdf>]
<../../figs/../figs/obvious-unknots.pdf, id=1127, 260.975pt x 185.69376pt>
File: ../../figs/../figs/obvious-unknots.pdf Graphic file (type pdf)

<use ../../figs/../figs/obvious-unknots.pdf>
Package pdftex.def Info: ../../figs/../figs/obvious-unknots.pdf used on input l
ine 1238.
(pdftex.def)             Requested size: 289.07999pt x 205.69464pt.
 [40

 <../../figs/../figs/obvious-unknots.pdf>] [41

]
<knotfrequencyplotsimplifiedfit.pdf, id=1204, 361.35pt x 197.73875pt>
File: knotfrequencyplotsimplifiedfit.pdf Graphic file (type pdf)

<use knotfrequencyplotsimplifiedfit.pdf>
Package pdftex.def Info: knotfrequencyplotsimplifiedfit.pdf used on input line 
1545.
(pdftex.def)             Requested size: 216.81pt x 118.64417pt.
 [42

 <./knotfrequencyplotsimplifiedfit.pdf>] [43

]
<../../figs/../figs/random-70cr-1.png, id=1290, 456.70625pt x 360.34625pt>
File: ../../figs/../figs/random-70cr-1.png Graphic file (type png)

<use ../../figs/../figs/random-70cr-1.png>
Package pdftex.def Info: ../../figs/../figs/random-70cr-1.png used on input lin
e 1577.
(pdftex.def)             Requested size: 289.07999pt x 228.09152pt.

Overfull \vbox (16.23804pt too high) detected at line 1577
 []

[44

 <../../figs/../figs/random-70cr-1.png>]
<../../figs/../figs/random-70cr-2.png, id=1318, 448.67625pt x 401.5pt>
File: ../../figs/../figs/random-70cr-2.png Graphic file (type png)

<use ../../figs/../figs/random-70cr-2.png>
Package pdftex.def Info: ../../figs/../figs/random-70cr-2.png used on input lin
e 1577.
(pdftex.def)             Requested size: 242.2884pt x 216.81pt.

Overfull \vbox (4.95651pt too high) detected at line 1577
 []

[45

 <../../figs/../figs/random-70cr-2.png>]
<../../figs/../figs/random-70cr-3.png, id=1344, 456.70625pt x 446.66875pt>
File: ../../figs/../figs/random-70cr-3.png Graphic file (type png)

<use ../../figs/../figs/random-70cr-3.png>
Package pdftex.def Info: ../../figs/../figs/random-70cr-3.png used on input lin
e 1577.
(pdftex.def)             Requested size: 221.68344pt x 216.81pt.

Overfull \vbox (4.95651pt too high) detected at line 1577
 []

[46

 <../../figs/../figs/random-70cr-3.png>]
<../../figs/linkshadow.pdf, id=1370, 289.08pt x 48.75214pt>
File: ../../figs/linkshadow.pdf Graphic file (type pdf)

<use ../../figs/linkshadow.pdf>
Package pdftex.def Info: ../../figs/linkshadow.pdf used on input line 1597.
(pdftex.def)             Requested size: 216.81pt x 36.564pt.
Package epstopdf Info: Source file: <nsf4.eps>
(epstopdf)                    date: 2015-04-16 14:22:54
(epstopdf)                    size: 1182658 bytes
(epstopdf)             Output file: <nsf4-eps-converted-to.pdf>
(epstopdf)                    date: 2015-04-16 19:38:07
(epstopdf)                    size: 90015 bytes
(epstopdf)             Command: <repstopdf --outfile=nsf4-eps-converted-to.pdf 
nsf4.eps>
(epstopdf)             \includegraphics on input line 1597.
Package epstopdf Info: Output file is already uptodate.

<nsf4-eps-converted-to.pdf, id=1371, 524.96124pt x 524.96124pt>
File: nsf4-eps-converted-to.pdf Graphic file (type pdf)

<use nsf4-eps-converted-to.pdf>
Package pdftex.def Info: nsf4-eps-converted-to.pdf used on input line 1597.
(pdftex.def)             Requested size: 61.45703pt x 61.45465pt.
 [47

 <../../figs/linkshadow.pdf> <./nsf4-eps-converted-to.pdf>]
\tf@nav=\write6
\openout6 = `ams_athens_knotdiagrams.nav'.

\tf@toc=\write7
\openout7 = `ams_athens_knotdiagrams.toc'.

\tf@snm=\write8
\openout8 = `ams_athens_knotdiagrams.snm'.

Package atveryend Info: Empty hook `BeforeClearDocument' on input line 1872.
Package atveryend Info: Empty hook `AfterLastShipout' on input line 1872.
 (./ams_athens_knotdiagrams.aux)
Package atveryend Info: Executing hook `AtVeryEndDocument' on input line 1872.
Package atveryend Info: Executing hook `AtEndAfterFileList' on input line 1872.

Package rerunfilecheck Info: File `ams_athens_knotdiagrams.out' has not changed
.
(rerunfilecheck)             Checksum: 2BFC82D2989F4CA796CAB4A533A95EC4;300.


LaTeX Font Warning: Size substitutions with differences
(Font)              up to 1.0pt have occurred.


LaTeX Warning: There were multiply-defined labels.

Package atveryend Info: Empty hook `AtVeryVeryEnd' on input line 1872.
 ) 
Here is how much of TeX's memory you used:
 43874 strings out of 493089
 1002630 string characters out of 6134842
 1528921 words of memory out of 5000000
 46554 multiletter control sequences out of 15000+600000
 16376 words of font info for 60 fonts, out of 8000000 for 9000
 1141 hyphenation exceptions out of 8191
 57i,15n,84p,10458b,1775s stack positions out of 5000i,500n,10000p,200000b,80000s
</usr/local/texlive/2015/texmf-dist/fonts/type1/public/amsfonts/cm/cmmi10.pfb
></usr/local/texlive/2015/texmf-dist/fonts/type1/public/amsfonts/cm/cmss10.pfb>
</usr/local/texlive/2015/texmf-dist/fonts/type1/public/amsfonts/cm/cmss12.pfb><
/usr/local/texlive/2015/texmf-dist/fonts/type1/public/amsfonts/cm/cmss8.pfb></u
sr/local/texlive/2015/texmf-dist/fonts/type1/public/amsfonts/cm/cmssbx10.pfb></
usr/local/texlive/2015/texmf-dist/fonts/type1/public/amsfonts/cm/cmssi10.pfb></
usr/local/texlive/2015/texmf-dist/fonts/type1/public/amsfonts/cm/cmssi8.pfb></u
sr/local/texlive/2015/texmf-dist/fonts/type1/public/amsfonts/cm/cmsy10.pfb></us
r/local/texlive/2015/texmf-dist/fonts/type1/public/amsfonts/cm/cmsy8.pfb></usr/
local/texlive/2015/texmf-dist/fonts/type1/public/amsfonts/cm/cmtt12.pfb>
Output written on ams_athens_knotdiagrams.pdf (47 pages, 2762093 bytes).
PDF statistics:
 1702 PDF objects out of 1728 (max. 8388607)
 1538 compressed objects within 16 object streams
 102 named destinations out of 1000 (max. 500000)
 243 words of extra memory for PDF output out of 10000 (max. 10000000)

